0 info it worked if it ends with ok
1 verbose cli [ 'D:\\Program Files\\nodejs\\node.exe',
1 verbose cli   'D:\\Program Files\\nodejs\\node_modules\\npm\\bin\\npm-cli.js',
1 verbose cli   'install' ]
2 info using npm@3.10.10
3 info using node@v6.10.3
4 silly loadCurrentTree Starting
5 silly install loadCurrentTree
6 silly install readLocalPackageData
7 silly install normalizeTree
8 silly loadCurrentTree Finishing
9 silly loadIdealTree Starting
10 silly install loadIdealTree
11 silly cloneCurrentTree Starting
12 silly install cloneCurrentTreeToIdealTree
13 silly cloneCurrentTree Finishing
14 silly loadShrinkwrap Starting
15 silly install loadShrinkwrap
16 silly loadShrinkwrap Finishing
17 silly loadAllDepsIntoIdealTree Starting
18 silly install loadAllDepsIntoIdealTree
19 silly fetchNamedPackageData express-handlebars
20 silly mapToRegistry name express-handlebars
21 silly mapToRegistry using default registry
22 silly mapToRegistry registry https://registry.npm.taobao.org/
23 silly mapToRegistry data Result {
23 silly mapToRegistry   raw: 'express-handlebars',
23 silly mapToRegistry   scope: null,
23 silly mapToRegistry   escapedName: 'express-handlebars',
23 silly mapToRegistry   name: 'express-handlebars',
23 silly mapToRegistry   rawSpec: '',
23 silly mapToRegistry   spec: 'latest',
23 silly mapToRegistry   type: 'tag' }
24 silly mapToRegistry uri https://registry.npm.taobao.org/express-handlebars
25 verbose request uri https://registry.npm.taobao.org/express-handlebars
26 verbose request no auth needed
27 info attempt registry request try #1 at 13:43:03
28 verbose request id 364d29616217617e
29 http request GET https://registry.npm.taobao.org/express-handlebars
30 http 200 https://registry.npm.taobao.org/express-handlebars
31 verbose headers { date: 'Sat, 09 Sep 2017 05:43:24 GMT',
31 verbose headers   'content-type': 'application/json; charset=utf-8',
31 verbose headers   'content-length': '48038',
31 verbose headers   connection: 'keep-alive',
31 verbose headers   'x-current-requests': '1',
31 verbose headers   etag: '"bba6-D41auISk7WpiHPV+lOQTZ2z90Z4"',
31 verbose headers   'x-readtime': '24' }
32 silly get cb [ 200,
32 silly get   { date: 'Sat, 09 Sep 2017 05:43:24 GMT',
32 silly get     'content-type': 'application/json; charset=utf-8',
32 silly get     'content-length': '48038',
32 silly get     connection: 'keep-alive',
32 silly get     'x-current-requests': '1',
32 silly get     etag: '"bba6-D41auISk7WpiHPV+lOQTZ2z90Z4"',
32 silly get     'x-readtime': '24' } ]
33 verbose get saving express-handlebars to C:\Users\wh_ke\AppData\Roaming\npm-cache\registry.npm.taobao.org\express-handlebars\.cache.json
34 verbose correctMkdir C:\Users\wh_ke\AppData\Roaming\npm-cache correctMkdir not in flight; initializing
35 silly fetchPackageMetaData Error: No compatible version found: express-handlebars@~0.5.0
35 silly fetchPackageMetaData Valid install targets:
35 silly fetchPackageMetaData 3.0.0, 2.0.1, 2.0.0, 1.2.2, 1.2.1, 1.2.0, 1.1.0, 1.0.3, 1.0.2, 1.0.1, 1.0.0, 1.0.0-rc-2, 1.0.0-rc-1, 0.0.2, 0.0.1
35 silly fetchPackageMetaData
35 silly fetchPackageMetaData     at pickVersionFromRegistryDocument (D:\Program Files\nodejs\node_modules\npm\lib\fetch-package-metadata.js:178:16)
35 silly fetchPackageMetaData     at D:\Program Files\nodejs\node_modules\npm\node_modules\iferr\index.js:13:50
35 silly fetchPackageMetaData     at D:\Program Files\nodejs\node_modules\npm\lib\utils\pulse-till-done.js:20:8
35 silly fetchPackageMetaData     at saved (D:\Program Files\nodejs\node_modules\npm\lib\cache\caching-client.js:174:7)
35 silly fetchPackageMetaData     at D:\Program Files\nodejs\node_modules\npm\node_modules\graceful-fs\polyfills.js:241:18
35 silly fetchPackageMetaData     at FSReqWrap.oncomplete (fs.js:123:15)
35 silly fetchPackageMetaData  error for express-handlebars@~0.5.0 { Error: No compatible version found: express-handlebars@~0.5.0
35 silly fetchPackageMetaData Valid install targets:
35 silly fetchPackageMetaData 3.0.0, 2.0.1, 2.0.0, 1.2.2, 1.2.1, 1.2.0, 1.1.0, 1.0.3, 1.0.2, 1.0.1, 1.0.0, 1.0.0-rc-2, 1.0.0-rc-1, 0.0.2, 0.0.1
35 silly fetchPackageMetaData
35 silly fetchPackageMetaData     at pickVersionFromRegistryDocument (D:\Program Files\nodejs\node_modules\npm\lib\fetch-package-metadata.js:178:16)
35 silly fetchPackageMetaData     at D:\Program Files\nodejs\node_modules\npm\node_modules\iferr\index.js:13:50
35 silly fetchPackageMetaData     at D:\Program Files\nodejs\node_modules\npm\lib\utils\pulse-till-done.js:20:8
35 silly fetchPackageMetaData     at saved (D:\Program Files\nodejs\node_modules\npm\lib\cache\caching-client.js:174:7)
35 silly fetchPackageMetaData     at D:\Program Files\nodejs\node_modules\npm\node_modules\graceful-fs\polyfills.js:241:18
35 silly fetchPackageMetaData     at FSReqWrap.oncomplete (fs.js:123:15) code: 'ETARGET' }
36 silly rollbackFailedOptional Starting
37 silly rollbackFailedOptional Finishing
38 silly runTopLevelLifecycles Finishing
39 silly install printInstalled
40 verbose stack Error: No compatible version found: express-handlebars@~0.5.0
40 verbose stack Valid install targets:
40 verbose stack 3.0.0, 2.0.1, 2.0.0, 1.2.2, 1.2.1, 1.2.0, 1.1.0, 1.0.3, 1.0.2, 1.0.1, 1.0.0, 1.0.0-rc-2, 1.0.0-rc-1, 0.0.2, 0.0.1
40 verbose stack
40 verbose stack     at pickVersionFromRegistryDocument (D:\Program Files\nodejs\node_modules\npm\lib\fetch-package-metadata.js:178:16)
40 verbose stack     at D:\Program Files\nodejs\node_modules\npm\node_modules\iferr\index.js:13:50
40 verbose stack     at D:\Program Files\nodejs\node_modules\npm\lib\utils\pulse-till-done.js:20:8
40 verbose stack     at saved (D:\Program Files\nodejs\node_modules\npm\lib\cache\caching-client.js:174:7)
40 verbose stack     at D:\Program Files\nodejs\node_modules\npm\node_modules\graceful-fs\polyfills.js:241:18
40 verbose stack     at FSReqWrap.oncomplete (fs.js:123:15)
41 verbose cwd E:\study\nodeAndExpress\ch03
42 error Windows_NT 10.0.10240
43 error argv "D:\\Program Files\\nodejs\\node.exe" "D:\\Program Files\\nodejs\\node_modules\\npm\\bin\\npm-cli.js" "install"
44 error node v6.10.3
45 error npm  v3.10.10
46 error code ETARGET
47 error notarget No compatible version found: express-handlebars@~0.5.0
47 error notarget Valid install targets:
47 error notarget 3.0.0, 2.0.1, 2.0.0, 1.2.2, 1.2.1, 1.2.0, 1.1.0, 1.0.3, 1.0.2, 1.0.1, 1.0.0, 1.0.0-rc-2, 1.0.0-rc-1, 0.0.2, 0.0.1
48 error notarget This is most likely not a problem with npm itself.
48 error notarget In most cases you or one of your dependencies are requesting
48 error notarget a package version that doesn't exist.
48 error notarget
48 error notarget It was specified as a dependency of 'meadowlarktravel'
49 verbose exit [ 1, true ]
