0 info it worked if it ends with ok
1 verbose cli [ 'D:\\Program Files\\nodejs\\node.exe',
1 verbose cli   'D:\\Program Files\\nodejs\\node_modules\\npm\\bin\\npm-cli.js',
1 verbose cli   'install' ]
2 info using npm@3.10.10
3 info using node@v6.11.3
4 silly loadCurrentTree Starting
5 silly install loadCurrentTree
6 silly install readLocalPackageData
7 silly install normalizeTree
8 silly loadCurrentTree Finishing
9 silly loadIdealTree Starting
10 silly install loadIdealTree
11 silly cloneCurrentTree Starting
12 silly install cloneCurrentTreeToIdealTree
13 silly cloneCurrentTree Finishing
14 silly loadShrinkwrap Starting
15 silly install loadShrinkwrap
16 silly loadShrinkwrap Finishing
17 silly loadAllDepsIntoIdealTree Starting
18 silly install loadAllDepsIntoIdealTree
19 silly fetchNamedPackageData zombie
20 silly mapToRegistry name zombie
21 silly mapToRegistry using default registry
22 silly mapToRegistry registry https://registry.npm.taobao.org/
23 silly mapToRegistry data Result {
23 silly mapToRegistry   raw: 'zombie',
23 silly mapToRegistry   scope: null,
23 silly mapToRegistry   escapedName: 'zombie',
23 silly mapToRegistry   name: 'zombie',
23 silly mapToRegistry   rawSpec: '',
23 silly mapToRegistry   spec: 'latest',
23 silly mapToRegistry   type: 'tag' }
24 silly mapToRegistry uri https://registry.npm.taobao.org/zombie
25 verbose request uri https://registry.npm.taobao.org/zombie
26 verbose request no auth needed
27 info attempt registry request try #1 at 00:38:38
28 verbose request id 3b23bf7df680002b
29 verbose etag "52c70-9DL3Zrgmd7KlTVvZqX7JPD6MaSU"
30 http request GET https://registry.npm.taobao.org/zombie
31 http 304 https://registry.npm.taobao.org/zombie
32 verbose headers { date: 'Sat, 09 Sep 2017 16:38:59 GMT',
32 verbose headers   connection: 'keep-alive',
32 verbose headers   'x-current-requests': '1',
32 verbose headers   etag: '"52c70-9DL3Zrgmd7KlTVvZqX7JPD6MaSU"',
32 verbose headers   'x-readtime': '46' }
33 silly get cb [ 304,
33 silly get   { date: 'Sat, 09 Sep 2017 16:38:59 GMT',
33 silly get     connection: 'keep-alive',
33 silly get     'x-current-requests': '1',
33 silly get     etag: '"52c70-9DL3Zrgmd7KlTVvZqX7JPD6MaSU"',
33 silly get     'x-readtime': '46' } ]
34 verbose etag https://registry.npm.taobao.org/zombie from cache
35 verbose get saving zombie to C:\Users\wh_ke\AppData\Roaming\npm-cache\registry.npm.taobao.org\zombie\.cache.json
36 verbose correctMkdir C:\Users\wh_ke\AppData\Roaming\npm-cache correctMkdir not in flight; initializing
37 silly resolveWithNewModule zombie@2.0.8 checking installable status
38 silly cache add args [ 'zombie@~2.0.0-alpha31', null ]
39 verbose cache add spec zombie@~2.0.0-alpha31
40 silly cache add parsed spec Result {
40 silly cache add   raw: 'zombie@~2.0.0-alpha31',
40 silly cache add   scope: null,
40 silly cache add   escapedName: 'zombie',
40 silly cache add   name: 'zombie',
40 silly cache add   rawSpec: '~2.0.0-alpha31',
40 silly cache add   spec: '>=2.0.0-alpha31 <2.1.0',
40 silly cache add   type: 'range' }
41 silly addNamed zombie@>=2.0.0-alpha31 <2.1.0
42 verbose addNamed ">=2.0.0-alpha31 <2.1.0" is a valid semver range for zombie
43 silly addNameRange { name: 'zombie',
43 silly addNameRange   range: '>=2.0.0-alpha31 <2.1.0',
43 silly addNameRange   hasData: false }
44 silly mapToRegistry name zombie
45 silly mapToRegistry using default registry
46 silly mapToRegistry registry https://registry.npm.taobao.org/
47 silly mapToRegistry data Result {
47 silly mapToRegistry   raw: 'zombie',
47 silly mapToRegistry   scope: null,
47 silly mapToRegistry   escapedName: 'zombie',
47 silly mapToRegistry   name: 'zombie',
47 silly mapToRegistry   rawSpec: '',
47 silly mapToRegistry   spec: 'latest',
47 silly mapToRegistry   type: 'tag' }
48 silly mapToRegistry uri https://registry.npm.taobao.org/zombie
49 verbose addNameRange registry:https://registry.npm.taobao.org/zombie not in flight; fetching
50 verbose get https://registry.npm.taobao.org/zombie not expired, no request
51 silly addNameRange number 2 { name: 'zombie',
51 silly addNameRange   range: '>=2.0.0-alpha31 <2.1.0',
51 silly addNameRange   hasData: true }
52 silly addNameRange versions [ 'zombie',
52 silly addNameRange   [ '5.0.7',
52 silly addNameRange     '5.0.6',
52 silly addNameRange     '5.0.5',
52 silly addNameRange     '5.0.4',
52 silly addNameRange     '5.0.3',
52 silly addNameRange     '5.0.2',
52 silly addNameRange     '5.0.1',
52 silly addNameRange     '5.0.0',
52 silly addNameRange     '5.0.0-1',
52 silly addNameRange     '4.3.0',
52 silly addNameRange     '4.2.1',
52 silly addNameRange     '4.2.0',
52 silly addNameRange     '4.1.0',
52 silly addNameRange     '4.0.13',
52 silly addNameRange     '4.0.12',
52 silly addNameRange     '4.0.11',
52 silly addNameRange     '4.0.10',
52 silly addNameRange     '4.0.9',
52 silly addNameRange     '4.0.8',
52 silly addNameRange     '4.0.7',
52 silly addNameRange     '4.0.6',
52 silly addNameRange     '4.0.5',
52 silly addNameRange     '4.0.4',
52 silly addNameRange     '4.0.3',
52 silly addNameRange     '4.0.2',
52 silly addNameRange     '4.0.1',
52 silly addNameRange     '4.0.0',
52 silly addNameRange     '3.1.1',
52 silly addNameRange     '3.1.0',
52 silly addNameRange     '3.0.15',
52 silly addNameRange     '3.0.14-0',
52 silly addNameRange     '3.0.13-0',
52 silly addNameRange     '3.0.12-0',
52 silly addNameRange     '3.0.11-0',
52 silly addNameRange     '3.0.10-0',
52 silly addNameRange     '3.0.9-0',
52 silly addNameRange     '3.0.8-0',
52 silly addNameRange     '3.0.7-0',
52 silly addNameRange     '3.0.6-0',
52 silly addNameRange     '3.0.5-0',
52 silly addNameRange     '3.0.4-0',
52 silly addNameRange     '3.0.3-0',
52 silly addNameRange     '3.0.2-0',
52 silly addNameRange     '3.0.1-0',
52 silly addNameRange     '2.5.1',
52 silly addNameRange     '2.5.0',
52 silly addNameRange     '2.4.0',
52 silly addNameRange     '2.3.2',
52 silly addNameRange     '2.3.1',
52 silly addNameRange     '2.3.0',
52 silly addNameRange     '2.2.1',
52 silly addNameRange     '2.2.0',
52 silly addNameRange     '2.1.1',
52 silly addNameRange     '2.1.0',
52 silly addNameRange     '2.0.8',
52 silly addNameRange     '2.0.7',
52 silly addNameRange     '2.0.6',
52 silly addNameRange     '2.0.5',
52 silly addNameRange     '2.0.4',
52 silly addNameRange     '2.0.3',
52 silly addNameRange     '2.0.2',
52 silly addNameRange     '2.0.1',
52 silly addNameRange     '2.0.0',
52 silly addNameRange     '2.0.0-alpha31',
52 silly addNameRange     '2.0.0-alpha30',
52 silly addNameRange     '2.0.0-alpha29',
52 silly addNameRange     '2.0.0-alpha28',
52 silly addNameRange     '2.0.0-alpha27',
52 silly addNameRange     '2.0.0-alpha26',
52 silly addNameRange     '2.0.0-alpha25',
52 silly addNameRange     '2.0.0-alpha24',
52 silly addNameRange     '2.0.0-alpha23',
52 silly addNameRange     '2.0.0-alpha22',
52 silly addNameRange     '2.0.0-alpha21',
52 silly addNameRange     '2.0.0-alpha20',
52 silly addNameRange     '2.0.0-alpha19',
52 silly addNameRange     '2.0.0-alpha18',
52 silly addNameRange     '2.0.0-alpha17',
52 silly addNameRange     '2.0.0-alpha16',
52 silly addNameRange     '2.0.0-alpha15',
52 silly addNameRange     '2.0.0-alpha14',
52 silly addNameRange     '2.0.0-alpha13',
52 silly addNameRange     '2.0.0-alpha12',
52 silly addNameRange     '2.0.0-alpha11',
52 silly addNameRange     '2.0.0-alpha10',
52 silly addNameRange     '2.0.0-alpha9',
52 silly addNameRange     '2.0.0-alpha8',
52 silly addNameRange     '2.0.0-alpha7',
52 silly addNameRange     '2.0.0-alpha6',
52 silly addNameRange     '2.0.0-alpha5',
52 silly addNameRange     '2.0.0-alpha4',
52 silly addNameRange     '2.0.0-alpha3',
52 silly addNameRange     '2.0.0-alpha2',
52 silly addNameRange     '2.0.0-alpha1',
52 silly addNameRange     '1.4.1',
52 silly addNameRange     '1.4.0',
52 silly addNameRange     '1.3.1',
52 silly addNameRange     '1.3.0',
52 silly addNameRange     '1.2.0',
52 silly addNameRange     '1.1.7',
52 silly addNameRange     ... 37 more items ] ]
53 silly addNamed zombie@2.0.8
54 verbose addNamed "2.0.8" is a plain semver version for zombie
55 silly cache afterAdd zombie@2.0.8
56 verbose afterAdd C:\Users\wh_ke\AppData\Roaming\npm-cache\zombie\2.0.8\package\package.json not in flight; writing
57 verbose correctMkdir C:\Users\wh_ke\AppData\Roaming\npm-cache correctMkdir not in flight; initializing
58 verbose afterAdd C:\Users\wh_ke\AppData\Roaming\npm-cache\zombie\2.0.8\package\package.json written
59 silly fetchNamedPackageData iconv-lite
60 silly mapToRegistry name iconv-lite
61 silly mapToRegistry using default registry
62 silly mapToRegistry registry https://registry.npm.taobao.org/
63 silly mapToRegistry data Result {
63 silly mapToRegistry   raw: 'iconv-lite',
63 silly mapToRegistry   scope: null,
63 silly mapToRegistry   escapedName: 'iconv-lite',
63 silly mapToRegistry   name: 'iconv-lite',
63 silly mapToRegistry   rawSpec: '',
63 silly mapToRegistry   spec: 'latest',
63 silly mapToRegistry   type: 'tag' }
64 silly mapToRegistry uri https://registry.npm.taobao.org/iconv-lite
65 silly fetchNamedPackageData jsdom
66 silly mapToRegistry name jsdom
67 silly mapToRegistry using default registry
68 silly mapToRegistry registry https://registry.npm.taobao.org/
69 silly mapToRegistry data Result {
69 silly mapToRegistry   raw: 'jsdom',
69 silly mapToRegistry   scope: null,
69 silly mapToRegistry   escapedName: 'jsdom',
69 silly mapToRegistry   name: 'jsdom',
69 silly mapToRegistry   rawSpec: '',
69 silly mapToRegistry   spec: 'latest',
69 silly mapToRegistry   type: 'tag' }
70 silly mapToRegistry uri https://registry.npm.taobao.org/jsdom
71 silly fetchNamedPackageData ms
72 silly mapToRegistry name ms
73 silly mapToRegistry using default registry
74 silly mapToRegistry registry https://registry.npm.taobao.org/
75 silly mapToRegistry data Result {
75 silly mapToRegistry   raw: 'ms',
75 silly mapToRegistry   scope: null,
75 silly mapToRegistry   escapedName: 'ms',
75 silly mapToRegistry   name: 'ms',
75 silly mapToRegistry   rawSpec: '',
75 silly mapToRegistry   spec: 'latest',
75 silly mapToRegistry   type: 'tag' }
76 silly mapToRegistry uri https://registry.npm.taobao.org/ms
77 verbose request uri https://registry.npm.taobao.org/ms
78 verbose request no auth needed
79 info attempt registry request try #1 at 00:38:38
80 verbose etag "4623-ZGBAiwZ9dhw0lxq5v5NMFxFCPJ8"
81 http request GET https://registry.npm.taobao.org/ms
82 verbose request uri https://registry.npm.taobao.org/jsdom
83 verbose request no auth needed
84 info attempt registry request try #1 at 00:38:38
85 verbose etag "a189b-dWMEJLXm4idndXCkuQqRC2Nal5M"
86 http request GET https://registry.npm.taobao.org/jsdom
87 verbose request uri https://registry.npm.taobao.org/iconv-lite
88 verbose request no auth needed
89 info attempt registry request try #1 at 00:38:38
90 verbose etag "12975-Hg3bvzbMraXqUd5XXbg+omsOoFs"
91 http request GET https://registry.npm.taobao.org/iconv-lite
92 http 304 https://registry.npm.taobao.org/ms
93 verbose headers { date: 'Sat, 09 Sep 2017 16:38:59 GMT',
93 verbose headers   connection: 'keep-alive',
93 verbose headers   'x-current-requests': '1',
93 verbose headers   etag: '"4623-ZGBAiwZ9dhw0lxq5v5NMFxFCPJ8"',
93 verbose headers   'x-readtime': '21' }
94 silly get cb [ 304,
94 silly get   { date: 'Sat, 09 Sep 2017 16:38:59 GMT',
94 silly get     connection: 'keep-alive',
94 silly get     'x-current-requests': '1',
94 silly get     etag: '"4623-ZGBAiwZ9dhw0lxq5v5NMFxFCPJ8"',
94 silly get     'x-readtime': '21' } ]
95 verbose etag https://registry.npm.taobao.org/ms from cache
96 verbose get saving ms to C:\Users\wh_ke\AppData\Roaming\npm-cache\registry.npm.taobao.org\ms\.cache.json
97 verbose correctMkdir C:\Users\wh_ke\AppData\Roaming\npm-cache correctMkdir not in flight; initializing
98 silly resolveWithNewModule ms@0.6.2 checking installable status
99 silly cache add args [ 'ms@^0.6.2', null ]
100 verbose cache add spec ms@^0.6.2
101 silly cache add parsed spec Result {
101 silly cache add   raw: 'ms@^0.6.2',
101 silly cache add   scope: null,
101 silly cache add   escapedName: 'ms',
101 silly cache add   name: 'ms',
101 silly cache add   rawSpec: '^0.6.2',
101 silly cache add   spec: '>=0.6.2 <0.7.0',
101 silly cache add   type: 'range' }
102 silly addNamed ms@>=0.6.2 <0.7.0
103 verbose addNamed ">=0.6.2 <0.7.0" is a valid semver range for ms
104 silly addNameRange { name: 'ms', range: '>=0.6.2 <0.7.0', hasData: false }
105 silly mapToRegistry name ms
106 silly mapToRegistry using default registry
107 silly mapToRegistry registry https://registry.npm.taobao.org/
108 silly mapToRegistry data Result {
108 silly mapToRegistry   raw: 'ms',
108 silly mapToRegistry   scope: null,
108 silly mapToRegistry   escapedName: 'ms',
108 silly mapToRegistry   name: 'ms',
108 silly mapToRegistry   rawSpec: '',
108 silly mapToRegistry   spec: 'latest',
108 silly mapToRegistry   type: 'tag' }
109 silly mapToRegistry uri https://registry.npm.taobao.org/ms
110 verbose addNameRange registry:https://registry.npm.taobao.org/ms not in flight; fetching
111 verbose get https://registry.npm.taobao.org/ms not expired, no request
112 silly addNameRange number 2 { name: 'ms', range: '>=0.6.2 <0.7.0', hasData: true }
113 silly addNameRange versions [ 'ms',
113 silly addNameRange   [ '2.0.0',
113 silly addNameRange     '1.0.0',
113 silly addNameRange     '0.7.3',
113 silly addNameRange     '0.7.2',
113 silly addNameRange     '0.7.1',
113 silly addNameRange     '0.7.0',
113 silly addNameRange     '0.6.2',
113 silly addNameRange     '0.6.1',
113 silly addNameRange     '0.6.0',
113 silly addNameRange     '0.5.1',
113 silly addNameRange     '0.5.0',
113 silly addNameRange     '0.4.0',
113 silly addNameRange     '0.3.0',
113 silly addNameRange     '0.2.0',
113 silly addNameRange     '0.1.0' ] ]
114 silly addNamed ms@0.6.2
115 verbose addNamed "0.6.2" is a plain semver version for ms
116 silly cache afterAdd ms@0.6.2
117 verbose afterAdd C:\Users\wh_ke\AppData\Roaming\npm-cache\ms\0.6.2\package\package.json not in flight; writing
118 verbose correctMkdir C:\Users\wh_ke\AppData\Roaming\npm-cache correctMkdir not in flight; initializing
119 verbose afterAdd C:\Users\wh_ke\AppData\Roaming\npm-cache\ms\0.6.2\package\package.json written
120 http 304 https://registry.npm.taobao.org/iconv-lite
121 verbose headers { date: 'Sat, 09 Sep 2017 16:38:59 GMT',
121 verbose headers   connection: 'keep-alive',
121 verbose headers   'x-current-requests': '1',
121 verbose headers   etag: '"12975-Hg3bvzbMraXqUd5XXbg+omsOoFs"',
121 verbose headers   'x-readtime': '23' }
122 silly get cb [ 304,
122 silly get   { date: 'Sat, 09 Sep 2017 16:38:59 GMT',
122 silly get     connection: 'keep-alive',
122 silly get     'x-current-requests': '1',
122 silly get     etag: '"12975-Hg3bvzbMraXqUd5XXbg+omsOoFs"',
122 silly get     'x-readtime': '23' } ]
123 verbose etag https://registry.npm.taobao.org/iconv-lite from cache
124 verbose get saving iconv-lite to C:\Users\wh_ke\AppData\Roaming\npm-cache\registry.npm.taobao.org\iconv-lite\.cache.json
125 verbose correctMkdir C:\Users\wh_ke\AppData\Roaming\npm-cache correctMkdir not in flight; initializing
126 silly resolveWithNewModule iconv-lite@0.4.18 checking installable status
127 silly cache add args [ 'iconv-lite@^0.4.4', null ]
128 verbose cache add spec iconv-lite@^0.4.4
129 silly cache add parsed spec Result {
129 silly cache add   raw: 'iconv-lite@^0.4.4',
129 silly cache add   scope: null,
129 silly cache add   escapedName: 'iconv-lite',
129 silly cache add   name: 'iconv-lite',
129 silly cache add   rawSpec: '^0.4.4',
129 silly cache add   spec: '>=0.4.4 <0.5.0',
129 silly cache add   type: 'range' }
130 silly addNamed iconv-lite@>=0.4.4 <0.5.0
131 verbose addNamed ">=0.4.4 <0.5.0" is a valid semver range for iconv-lite
132 silly addNameRange { name: 'iconv-lite', range: '>=0.4.4 <0.5.0', hasData: false }
133 silly mapToRegistry name iconv-lite
134 silly mapToRegistry using default registry
135 silly mapToRegistry registry https://registry.npm.taobao.org/
136 silly mapToRegistry data Result {
136 silly mapToRegistry   raw: 'iconv-lite',
136 silly mapToRegistry   scope: null,
136 silly mapToRegistry   escapedName: 'iconv-lite',
136 silly mapToRegistry   name: 'iconv-lite',
136 silly mapToRegistry   rawSpec: '',
136 silly mapToRegistry   spec: 'latest',
136 silly mapToRegistry   type: 'tag' }
137 silly mapToRegistry uri https://registry.npm.taobao.org/iconv-lite
138 verbose addNameRange registry:https://registry.npm.taobao.org/iconv-lite not in flight; fetching
139 verbose get https://registry.npm.taobao.org/iconv-lite not expired, no request
140 silly addNameRange number 2 { name: 'iconv-lite', range: '>=0.4.4 <0.5.0', hasData: true }
141 silly addNameRange versions [ 'iconv-lite',
141 silly addNameRange   [ '0.4.18',
141 silly addNameRange     '0.4.17',
141 silly addNameRange     '0.4.16',
141 silly addNameRange     '0.4.15',
141 silly addNameRange     '0.4.14',
141 silly addNameRange     '0.4.13',
141 silly addNameRange     '0.4.12',
141 silly addNameRange     '0.4.11',
141 silly addNameRange     '0.4.10',
141 silly addNameRange     '0.4.9',
141 silly addNameRange     '0.4.8',
141 silly addNameRange     '0.4.7',
141 silly addNameRange     '0.4.6',
141 silly addNameRange     '0.4.5',
141 silly addNameRange     '0.4.4',
141 silly addNameRange     '0.4.3',
141 silly addNameRange     '0.4.2',
141 silly addNameRange     '0.4.1',
141 silly addNameRange     '0.4.0',
141 silly addNameRange     '0.4.0-pre3',
141 silly addNameRange     '0.4.0-pre2',
141 silly addNameRange     '0.4.0-pre',
141 silly addNameRange     '0.2.11',
141 silly addNameRange     '0.2.10',
141 silly addNameRange     '0.2.9',
141 silly addNameRange     '0.2.8',
141 silly addNameRange     '0.2.7',
141 silly addNameRange     '0.2.6',
141 silly addNameRange     '0.2.5',
141 silly addNameRange     '0.2.4',
141 silly addNameRange     '0.2.3',
141 silly addNameRange     '0.2.1',
141 silly addNameRange     '0.2.0',
141 silly addNameRange     '0.1.4',
141 silly addNameRange     '0.1.3',
141 silly addNameRange     '0.1.2',
141 silly addNameRange     '0.1.1',
141 silly addNameRange     '0.1.0' ] ]
142 silly addNamed iconv-lite@0.4.18
143 verbose addNamed "0.4.18" is a plain semver version for iconv-lite
144 silly cache afterAdd iconv-lite@0.4.18
145 verbose afterAdd C:\Users\wh_ke\AppData\Roaming\npm-cache\iconv-lite\0.4.18\package\package.json not in flight; writing
146 verbose correctMkdir C:\Users\wh_ke\AppData\Roaming\npm-cache correctMkdir not in flight; initializing
147 http 304 https://registry.npm.taobao.org/jsdom
148 verbose headers { date: 'Sat, 09 Sep 2017 16:38:59 GMT',
148 verbose headers   connection: 'keep-alive',
148 verbose headers   'x-current-requests': '1',
148 verbose headers   etag: '"a189b-dWMEJLXm4idndXCkuQqRC2Nal5M"',
148 verbose headers   'x-readtime': '71' }
149 silly get cb [ 304,
149 silly get   { date: 'Sat, 09 Sep 2017 16:38:59 GMT',
149 silly get     connection: 'keep-alive',
149 silly get     'x-current-requests': '1',
149 silly get     etag: '"a189b-dWMEJLXm4idndXCkuQqRC2Nal5M"',
149 silly get     'x-readtime': '71' } ]
150 verbose etag https://registry.npm.taobao.org/jsdom from cache
151 verbose get saving jsdom to C:\Users\wh_ke\AppData\Roaming\npm-cache\registry.npm.taobao.org\jsdom\.cache.json
152 verbose correctMkdir C:\Users\wh_ke\AppData\Roaming\npm-cache correctMkdir not in flight; initializing
153 verbose afterAdd C:\Users\wh_ke\AppData\Roaming\npm-cache\iconv-lite\0.4.18\package\package.json written
154 silly resolveWithNewModule jsdom@1.0.3 checking installable status
155 silly cache add args [ 'jsdom@1.0.3', null ]
156 verbose cache add spec jsdom@1.0.3
157 silly cache add parsed spec Result {
157 silly cache add   raw: 'jsdom@1.0.3',
157 silly cache add   scope: null,
157 silly cache add   escapedName: 'jsdom',
157 silly cache add   name: 'jsdom',
157 silly cache add   rawSpec: '1.0.3',
157 silly cache add   spec: '1.0.3',
157 silly cache add   type: 'version' }
158 silly addNamed jsdom@1.0.3
159 verbose addNamed "1.0.3" is a plain semver version for jsdom
160 silly mapToRegistry name jsdom
161 silly mapToRegistry using default registry
162 silly mapToRegistry registry https://registry.npm.taobao.org/
163 silly mapToRegistry data Result {
163 silly mapToRegistry   raw: 'jsdom',
163 silly mapToRegistry   scope: null,
163 silly mapToRegistry   escapedName: 'jsdom',
163 silly mapToRegistry   name: 'jsdom',
163 silly mapToRegistry   rawSpec: '',
163 silly mapToRegistry   spec: 'latest',
163 silly mapToRegistry   type: 'tag' }
164 silly mapToRegistry uri https://registry.npm.taobao.org/jsdom
165 verbose addNameVersion registry:https://registry.npm.taobao.org/jsdom not in flight; fetching
166 verbose get https://registry.npm.taobao.org/jsdom not expired, no request
167 silly cache afterAdd jsdom@1.0.3
168 verbose afterAdd C:\Users\wh_ke\AppData\Roaming\npm-cache\jsdom\1.0.3\package\package.json not in flight; writing
169 verbose correctMkdir C:\Users\wh_ke\AppData\Roaming\npm-cache correctMkdir not in flight; initializing
170 verbose afterAdd C:\Users\wh_ke\AppData\Roaming\npm-cache\jsdom\1.0.3\package\package.json written
171 silly fetchNamedPackageData contextify
172 silly mapToRegistry name contextify
173 silly mapToRegistry using default registry
174 silly mapToRegistry registry https://registry.npm.taobao.org/
175 silly mapToRegistry data Result {
175 silly mapToRegistry   raw: 'contextify',
175 silly mapToRegistry   scope: null,
175 silly mapToRegistry   escapedName: 'contextify',
175 silly mapToRegistry   name: 'contextify',
175 silly mapToRegistry   rawSpec: '',
175 silly mapToRegistry   spec: 'latest',
175 silly mapToRegistry   type: 'tag' }
176 silly mapToRegistry uri https://registry.npm.taobao.org/contextify
177 verbose request uri https://registry.npm.taobao.org/contextify
178 verbose request no auth needed
179 info attempt registry request try #1 at 00:38:39
180 verbose etag "9ba3-9XKHPUEKI0Ogz8xrrSO4ndo1UuY"
181 http request GET https://registry.npm.taobao.org/contextify
182 http 304 https://registry.npm.taobao.org/contextify
183 verbose headers { date: 'Sat, 09 Sep 2017 16:39:00 GMT',
183 verbose headers   connection: 'keep-alive',
183 verbose headers   'x-current-requests': '1',
183 verbose headers   etag: '"9ba3-9XKHPUEKI0Ogz8xrrSO4ndo1UuY"',
183 verbose headers   'x-readtime': '19' }
184 silly get cb [ 304,
184 silly get   { date: 'Sat, 09 Sep 2017 16:39:00 GMT',
184 silly get     connection: 'keep-alive',
184 silly get     'x-current-requests': '1',
184 silly get     etag: '"9ba3-9XKHPUEKI0Ogz8xrrSO4ndo1UuY"',
184 silly get     'x-readtime': '19' } ]
185 verbose etag https://registry.npm.taobao.org/contextify from cache
186 verbose get saving contextify to C:\Users\wh_ke\AppData\Roaming\npm-cache\registry.npm.taobao.org\contextify\.cache.json
187 verbose correctMkdir C:\Users\wh_ke\AppData\Roaming\npm-cache correctMkdir not in flight; initializing
188 silly resolveWithNewModule contextify@0.1.15 checking installable status
189 silly cache add args [ 'contextify@>= 0.1.9 < 0.2.0', null ]
190 verbose cache add spec contextify@>= 0.1.9 < 0.2.0
191 silly cache add parsed spec Result {
191 silly cache add   raw: 'contextify@>= 0.1.9 < 0.2.0',
191 silly cache add   scope: null,
191 silly cache add   escapedName: 'contextify',
191 silly cache add   name: 'contextify',
191 silly cache add   rawSpec: '>= 0.1.9 < 0.2.0',
191 silly cache add   spec: '>=0.1.9 <0.2.0',
191 silly cache add   type: 'range' }
192 silly addNamed contextify@>=0.1.9 <0.2.0
193 verbose addNamed ">=0.1.9 <0.2.0" is a valid semver range for contextify
194 silly addNameRange { name: 'contextify', range: '>=0.1.9 <0.2.0', hasData: false }
195 silly mapToRegistry name contextify
196 silly mapToRegistry using default registry
197 silly mapToRegistry registry https://registry.npm.taobao.org/
198 silly mapToRegistry data Result {
198 silly mapToRegistry   raw: 'contextify',
198 silly mapToRegistry   scope: null,
198 silly mapToRegistry   escapedName: 'contextify',
198 silly mapToRegistry   name: 'contextify',
198 silly mapToRegistry   rawSpec: '',
198 silly mapToRegistry   spec: 'latest',
198 silly mapToRegistry   type: 'tag' }
199 silly mapToRegistry uri https://registry.npm.taobao.org/contextify
200 verbose addNameRange registry:https://registry.npm.taobao.org/contextify not in flight; fetching
201 verbose get https://registry.npm.taobao.org/contextify not expired, no request
202 silly addNameRange number 2 { name: 'contextify', range: '>=0.1.9 <0.2.0', hasData: true }
203 silly addNameRange versions [ 'contextify',
203 silly addNameRange   [ '0.1.15',
203 silly addNameRange     '0.1.14',
203 silly addNameRange     '0.1.13',
203 silly addNameRange     '0.1.12',
203 silly addNameRange     '0.1.11',
203 silly addNameRange     '0.1.10',
203 silly addNameRange     '0.1.9',
203 silly addNameRange     '0.1.8',
203 silly addNameRange     '0.1.7',
203 silly addNameRange     '0.1.6',
203 silly addNameRange     '0.1.5',
203 silly addNameRange     '0.1.4',
203 silly addNameRange     '0.1.3',
203 silly addNameRange     '0.1.2',
203 silly addNameRange     '0.1.1',
203 silly addNameRange     '0.1.0',
203 silly addNameRange     '0.0.7',
203 silly addNameRange     '0.0.6',
203 silly addNameRange     '0.0.5',
203 silly addNameRange     '0.0.4',
203 silly addNameRange     '0.0.3',
203 silly addNameRange     '0.0.2' ] ]
204 silly addNamed contextify@0.1.15
205 verbose addNamed "0.1.15" is a plain semver version for contextify
206 silly cache afterAdd contextify@0.1.15
207 verbose afterAdd C:\Users\wh_ke\AppData\Roaming\npm-cache\contextify\0.1.15\package\package.json not in flight; writing
208 verbose correctMkdir C:\Users\wh_ke\AppData\Roaming\npm-cache correctMkdir not in flight; initializing
209 verbose afterAdd C:\Users\wh_ke\AppData\Roaming\npm-cache\contextify\0.1.15\package\package.json written
210 silly fetchNamedPackageData bindings
211 silly mapToRegistry name bindings
212 silly mapToRegistry using default registry
213 silly mapToRegistry registry https://registry.npm.taobao.org/
214 silly mapToRegistry data Result {
214 silly mapToRegistry   raw: 'bindings',
214 silly mapToRegistry   scope: null,
214 silly mapToRegistry   escapedName: 'bindings',
214 silly mapToRegistry   name: 'bindings',
214 silly mapToRegistry   rawSpec: '',
214 silly mapToRegistry   spec: 'latest',
214 silly mapToRegistry   type: 'tag' }
215 silly mapToRegistry uri https://registry.npm.taobao.org/bindings
216 silly fetchNamedPackageData nan
217 silly mapToRegistry name nan
218 silly mapToRegistry using default registry
219 silly mapToRegistry registry https://registry.npm.taobao.org/
220 silly mapToRegistry data Result {
220 silly mapToRegistry   raw: 'nan',
220 silly mapToRegistry   scope: null,
220 silly mapToRegistry   escapedName: 'nan',
220 silly mapToRegistry   name: 'nan',
220 silly mapToRegistry   rawSpec: '',
220 silly mapToRegistry   spec: 'latest',
220 silly mapToRegistry   type: 'tag' }
221 silly mapToRegistry uri https://registry.npm.taobao.org/nan
222 verbose request uri https://registry.npm.taobao.org/bindings
223 verbose request no auth needed
224 info attempt registry request try #1 at 00:38:39
225 verbose etag "524c-z40HcvsDfGHu2WNPy5ApD2Hg52g"
226 http request GET https://registry.npm.taobao.org/bindings
227 verbose request uri https://registry.npm.taobao.org/nan
228 verbose request no auth needed
229 info attempt registry request try #1 at 00:38:39
230 verbose etag "227a8-C5TRIZyTLEE0/zwVjhoy5k6cyTI"
231 http request GET https://registry.npm.taobao.org/nan
232 http 304 https://registry.npm.taobao.org/bindings
233 verbose headers { date: 'Sat, 09 Sep 2017 16:39:00 GMT',
233 verbose headers   connection: 'keep-alive',
233 verbose headers   'x-current-requests': '1',
233 verbose headers   etag: '"524c-z40HcvsDfGHu2WNPy5ApD2Hg52g"',
233 verbose headers   'x-readtime': '16' }
234 silly get cb [ 304,
234 silly get   { date: 'Sat, 09 Sep 2017 16:39:00 GMT',
234 silly get     connection: 'keep-alive',
234 silly get     'x-current-requests': '1',
234 silly get     etag: '"524c-z40HcvsDfGHu2WNPy5ApD2Hg52g"',
234 silly get     'x-readtime': '16' } ]
235 verbose etag https://registry.npm.taobao.org/bindings from cache
236 verbose get saving bindings to C:\Users\wh_ke\AppData\Roaming\npm-cache\registry.npm.taobao.org\bindings\.cache.json
237 verbose correctMkdir C:\Users\wh_ke\AppData\Roaming\npm-cache correctMkdir not in flight; initializing
238 silly resolveWithNewModule bindings@1.3.0 checking installable status
239 silly cache add args [ 'bindings@^1.2.1', null ]
240 verbose cache add spec bindings@^1.2.1
241 silly cache add parsed spec Result {
241 silly cache add   raw: 'bindings@^1.2.1',
241 silly cache add   scope: null,
241 silly cache add   escapedName: 'bindings',
241 silly cache add   name: 'bindings',
241 silly cache add   rawSpec: '^1.2.1',
241 silly cache add   spec: '>=1.2.1 <2.0.0',
241 silly cache add   type: 'range' }
242 silly addNamed bindings@>=1.2.1 <2.0.0
243 verbose addNamed ">=1.2.1 <2.0.0" is a valid semver range for bindings
244 silly addNameRange { name: 'bindings', range: '>=1.2.1 <2.0.0', hasData: false }
245 silly mapToRegistry name bindings
246 silly mapToRegistry using default registry
247 silly mapToRegistry registry https://registry.npm.taobao.org/
248 silly mapToRegistry data Result {
248 silly mapToRegistry   raw: 'bindings',
248 silly mapToRegistry   scope: null,
248 silly mapToRegistry   escapedName: 'bindings',
248 silly mapToRegistry   name: 'bindings',
248 silly mapToRegistry   rawSpec: '',
248 silly mapToRegistry   spec: 'latest',
248 silly mapToRegistry   type: 'tag' }
249 silly mapToRegistry uri https://registry.npm.taobao.org/bindings
250 verbose addNameRange registry:https://registry.npm.taobao.org/bindings not in flight; fetching
251 verbose get https://registry.npm.taobao.org/bindings not expired, no request
252 silly addNameRange number 2 { name: 'bindings', range: '>=1.2.1 <2.0.0', hasData: true }
253 silly addNameRange versions [ 'bindings',
253 silly addNameRange   [ '1.3.0',
253 silly addNameRange     '1.2.1',
253 silly addNameRange     '1.2.0',
253 silly addNameRange     '1.1.1',
253 silly addNameRange     '1.1.0',
253 silly addNameRange     '1.0.0',
253 silly addNameRange     '0.4.0',
253 silly addNameRange     '0.3.0',
253 silly addNameRange     '0.2.4',
253 silly addNameRange     '0.2.3',
253 silly addNameRange     '0.2.2',
253 silly addNameRange     '0.2.1',
253 silly addNameRange     '0.2.0',
253 silly addNameRange     '0.1.1',
253 silly addNameRange     '0.1.0',
253 silly addNameRange     '0.0.1' ] ]
254 silly addNamed bindings@1.3.0
255 verbose addNamed "1.3.0" is a plain semver version for bindings
256 silly cache afterAdd bindings@1.3.0
257 verbose afterAdd C:\Users\wh_ke\AppData\Roaming\npm-cache\bindings\1.3.0\package\package.json not in flight; writing
258 verbose correctMkdir C:\Users\wh_ke\AppData\Roaming\npm-cache correctMkdir not in flight; initializing
259 verbose afterAdd C:\Users\wh_ke\AppData\Roaming\npm-cache\bindings\1.3.0\package\package.json written
260 http 304 https://registry.npm.taobao.org/nan
261 verbose headers { date: 'Sat, 09 Sep 2017 16:39:00 GMT',
261 verbose headers   connection: 'keep-alive',
261 verbose headers   'x-current-requests': '1',
261 verbose headers   etag: '"227a8-C5TRIZyTLEE0/zwVjhoy5k6cyTI"',
261 verbose headers   'x-readtime': '32' }
262 silly get cb [ 304,
262 silly get   { date: 'Sat, 09 Sep 2017 16:39:00 GMT',
262 silly get     connection: 'keep-alive',
262 silly get     'x-current-requests': '1',
262 silly get     etag: '"227a8-C5TRIZyTLEE0/zwVjhoy5k6cyTI"',
262 silly get     'x-readtime': '32' } ]
263 verbose etag https://registry.npm.taobao.org/nan from cache
264 verbose get saving nan to C:\Users\wh_ke\AppData\Roaming\npm-cache\registry.npm.taobao.org\nan\.cache.json
265 verbose correctMkdir C:\Users\wh_ke\AppData\Roaming\npm-cache correctMkdir not in flight; initializing
266 silly resolveWithNewModule nan@2.7.0 checking installable status
267 silly cache add args [ 'nan@^2.1.0', null ]
268 verbose cache add spec nan@^2.1.0
269 silly cache add parsed spec Result {
269 silly cache add   raw: 'nan@^2.1.0',
269 silly cache add   scope: null,
269 silly cache add   escapedName: 'nan',
269 silly cache add   name: 'nan',
269 silly cache add   rawSpec: '^2.1.0',
269 silly cache add   spec: '>=2.1.0 <3.0.0',
269 silly cache add   type: 'range' }
270 silly addNamed nan@>=2.1.0 <3.0.0
271 verbose addNamed ">=2.1.0 <3.0.0" is a valid semver range for nan
272 silly addNameRange { name: 'nan', range: '>=2.1.0 <3.0.0', hasData: false }
273 silly mapToRegistry name nan
274 silly mapToRegistry using default registry
275 silly mapToRegistry registry https://registry.npm.taobao.org/
276 silly mapToRegistry data Result {
276 silly mapToRegistry   raw: 'nan',
276 silly mapToRegistry   scope: null,
276 silly mapToRegistry   escapedName: 'nan',
276 silly mapToRegistry   name: 'nan',
276 silly mapToRegistry   rawSpec: '',
276 silly mapToRegistry   spec: 'latest',
276 silly mapToRegistry   type: 'tag' }
277 silly mapToRegistry uri https://registry.npm.taobao.org/nan
278 verbose addNameRange registry:https://registry.npm.taobao.org/nan not in flight; fetching
279 verbose get https://registry.npm.taobao.org/nan not expired, no request
280 silly addNameRange number 2 { name: 'nan', range: '>=2.1.0 <3.0.0', hasData: true }
281 silly addNameRange versions [ 'nan',
281 silly addNameRange   [ '2.7.0',
281 silly addNameRange     '2.6.2',
281 silly addNameRange     '2.6.1',
281 silly addNameRange     '2.6.0',
281 silly addNameRange     '2.5.1',
281 silly addNameRange     '2.5.0',
281 silly addNameRange     '2.4.0',
281 silly addNameRange     '2.3.5',
281 silly addNameRange     '2.3.4',
281 silly addNameRange     '2.3.3',
281 silly addNameRange     '2.3.2',
281 silly addNameRange     '2.3.1',
281 silly addNameRange     '2.3.0',
281 silly addNameRange     '2.2.1',
281 silly addNameRange     '2.2.0',
281 silly addNameRange     '2.1.0',
281 silly addNameRange     '2.0.9',
281 silly addNameRange     '2.0.8',
281 silly addNameRange     '2.0.7',
281 silly addNameRange     '2.0.6',
281 silly addNameRange     '2.0.5',
281 silly addNameRange     '2.0.4',
281 silly addNameRange     '2.0.3',
281 silly addNameRange     '2.0.2',
281 silly addNameRange     '2.0.1',
281 silly addNameRange     '2.0.0',
281 silly addNameRange     '1.9.0',
281 silly addNameRange     '1.8.4',
281 silly addNameRange     '1.8.3',
281 silly addNameRange     '1.8.2',
281 silly addNameRange     '1.8.1',
281 silly addNameRange     '1.8.0',
281 silly addNameRange     '1.7.0',
281 silly addNameRange     '1.6.2',
281 silly addNameRange     '1.6.1',
281 silly addNameRange     '1.5.3',
281 silly addNameRange     '1.6.0',
281 silly addNameRange     '1.5.2',
281 silly addNameRange     '1.5.1',
281 silly addNameRange     '1.4.3',
281 silly addNameRange     '1.4.2',
281 silly addNameRange     '1.5.0',
281 silly addNameRange     '1.4.1',
281 silly addNameRange     '1.4.0',
281 silly addNameRange     '1.3.0',
281 silly addNameRange     '1.2.0',
281 silly addNameRange     '1.1.2',
281 silly addNameRange     '1.1.1',
281 silly addNameRange     '1.1.0',
281 silly addNameRange     '1.0.0',
281 silly addNameRange     '0.8.0',
281 silly addNameRange     '0.7.1',
281 silly addNameRange     '0.7.0',
281 silly addNameRange     '0.6.0',
281 silly addNameRange     '0.5.2',
281 silly addNameRange     '0.5.1',
281 silly addNameRange     '0.5.0',
281 silly addNameRange     '0.4.4',
281 silly addNameRange     '0.4.3',
281 silly addNameRange     '0.4.2',
281 silly addNameRange     '0.4.1',
281 silly addNameRange     '0.4.0',
281 silly addNameRange     '0.3.2',
281 silly addNameRange     '0.3.1',
281 silly addNameRange     '0.3.0',
281 silly addNameRange     '0.3.0-wip2',
281 silly addNameRange     '0.3.0-wip' ] ]
282 silly addNamed nan@2.7.0
283 verbose addNamed "2.7.0" is a plain semver version for nan
284 silly cache afterAdd nan@2.7.0
285 verbose afterAdd C:\Users\wh_ke\AppData\Roaming\npm-cache\nan\2.7.0\package\package.json not in flight; writing
286 verbose correctMkdir C:\Users\wh_ke\AppData\Roaming\npm-cache correctMkdir not in flight; initializing
287 verbose afterAdd C:\Users\wh_ke\AppData\Roaming\npm-cache\nan\2.7.0\package\package.json written
288 silly loadAllDepsIntoIdealTree Finishing
289 silly loadIdealTree Finishing
290 silly currentTree meadowlarktravel@0.0.0
290 silly currentTree +-- abbrev@1.1.0
290 silly currentTree +-- accepts@1.3.4
290 silly currentTree +-- ajv@4.11.8
290 silly currentTree +-- align-text@0.1.4
290 silly currentTree +-- amdefine@1.0.1
290 silly currentTree +-- argparse@0.1.16
290 silly currentTree | `-- underscore.string@2.4.0
290 silly currentTree +-- array-flatten@1.1.1
290 silly currentTree +-- asap@2.0.6
290 silly currentTree +-- asn1@0.2.3
290 silly currentTree +-- assert-plus@0.2.0
290 silly currentTree +-- assertion-error@1.0.0
290 silly currentTree +-- async@1.5.2
290 silly currentTree +-- asynckit@0.4.0
290 silly currentTree +-- aws-sign2@0.6.0
290 silly currentTree +-- aws4@1.6.0
290 silly currentTree +-- balanced-match@1.0.0
290 silly currentTree +-- bcrypt-pbkdf@1.0.1
290 silly currentTree +-- bluebird@2.11.0
290 silly currentTree +-- boom@2.10.1
290 silly currentTree +-- brace-expansion@1.1.8
290 silly currentTree +-- browser-request@0.3.3
290 silly currentTree +-- camelcase@1.2.1
290 silly currentTree +-- caseless@0.12.0
290 silly currentTree +-- center-align@0.1.3
290 silly currentTree +-- chai@1.9.2
290 silly currentTree +-- cli@0.6.6
290 silly currentTree | +-- glob@3.2.11
290 silly currentTree | `-- minimatch@0.3.0
290 silly currentTree +-- cliui@2.1.0
290 silly currentTree | `-- wordwrap@0.0.2
290 silly currentTree +-- co@4.6.0
290 silly currentTree +-- coffee-script@1.3.3
290 silly currentTree +-- colors@0.6.2
290 silly currentTree +-- combined-stream@1.0.5
290 silly currentTree +-- commander@2.0.0
290 silly currentTree +-- concat-map@0.0.1
290 silly currentTree +-- console-browserify@1.1.0
290 silly currentTree +-- content-disposition@0.5.2
290 silly currentTree +-- content-type@1.0.2
290 silly currentTree +-- cookie-signature@1.0.6
290 silly currentTree +-- cookie@0.3.1
290 silly currentTree +-- core-util-is@1.0.2
290 silly currentTree +-- cryptiles@2.0.5
290 silly currentTree +-- cssom@0.3.2
290 silly currentTree +-- cssstyle@0.2.37
290 silly currentTree +-- dashdash@1.14.1
290 silly currentTree | `-- assert-plus@1.0.0
290 silly currentTree +-- date-now@0.1.4
290 silly currentTree +-- dateformat@1.0.2-1.2.3
290 silly currentTree +-- debug@2.6.8
290 silly currentTree +-- decamelize@1.2.0
290 silly currentTree +-- deep-eql@0.1.3
290 silly currentTree +-- define-properties@1.1.2
290 silly currentTree +-- delayed-stream@1.0.0
290 silly currentTree +-- depd@1.1.1
290 silly currentTree +-- destroy@1.0.4
290 silly currentTree +-- diff@1.0.7
290 silly currentTree +-- dom-serializer@0.1.0
290 silly currentTree | +-- domelementtype@1.1.3
290 silly currentTree | `-- entities@1.1.1
290 silly currentTree +-- domelementtype@1.3.0
290 silly currentTree +-- domhandler@2.3.0
290 silly currentTree +-- domutils@1.5.1
290 silly currentTree +-- ecc-jsbn@0.1.1
290 silly currentTree +-- ee-first@1.1.1
290 silly currentTree +-- encodeurl@1.0.1
290 silly currentTree +-- entities@1.0.0
290 silly currentTree +-- escape-html@1.0.3
290 silly currentTree +-- esprima@1.0.4
290 silly currentTree +-- etag@1.8.0
290 silly currentTree +-- eventemitter2@0.4.14
290 silly currentTree +-- eventsource@0.1.3
290 silly currentTree +-- exit@0.1.2
290 silly currentTree +-- express-handlebars@3.0.0
290 silly currentTree +-- express@4.15.4
290 silly currentTree +-- extend@3.0.1
290 silly currentTree +-- extsprintf@1.3.0
290 silly currentTree +-- finalhandler@1.0.4
290 silly currentTree +-- findup-sync@0.1.3
290 silly currentTree | +-- glob@3.2.11
290 silly currentTree | +-- lodash@2.4.2
290 silly currentTree | `-- minimatch@0.3.0
290 silly currentTree +-- foreach@2.0.5
290 silly currentTree +-- forever-agent@0.6.1
290 silly currentTree +-- form-data@2.1.4
290 silly currentTree +-- forwarded@0.1.0
290 silly currentTree +-- fresh@0.5.0
290 silly currentTree +-- function-bind@1.1.1
290 silly currentTree +-- getobject@0.1.0
290 silly currentTree +-- getpass@0.1.7
290 silly currentTree | `-- assert-plus@1.0.0
290 silly currentTree +-- glob@6.0.4
290 silly currentTree +-- graceful-fs@4.1.11
290 silly currentTree +-- growl@1.7.0
290 silly currentTree +-- grunt-cafe-mocha@0.1.13
290 silly currentTree +-- grunt-contrib-jshint@0.10.0
290 silly currentTree +-- grunt-exec@0.4.7
290 silly currentTree +-- grunt-legacy-log-utils@0.1.1
290 silly currentTree | +-- lodash@2.4.2
290 silly currentTree | `-- underscore.string@2.3.3
290 silly currentTree +-- grunt-legacy-log@0.1.3
290 silly currentTree | +-- lodash@2.4.2
290 silly currentTree | `-- underscore.string@2.3.3
290 silly currentTree +-- grunt-legacy-util@0.2.0
290 silly currentTree | `-- async@0.1.22
290 silly currentTree +-- grunt@0.4.5
290 silly currentTree | +-- async@0.1.22
290 silly currentTree | +-- glob@3.1.21
290 silly currentTree | +-- graceful-fs@1.2.3
290 silly currentTree | +-- inherits@1.0.2
290 silly currentTree | `-- minimatch@0.2.14
290 silly currentTree +-- handlebars@4.0.10
290 silly currentTree +-- har-schema@1.0.5
290 silly currentTree +-- har-validator@4.2.1
290 silly currentTree +-- hawk@3.1.3
290 silly currentTree +-- hoek@2.16.3
290 silly currentTree +-- hooker@0.2.3
290 silly currentTree +-- htmlparser2@3.8.3
290 silly currentTree +-- http-errors@1.6.2
290 silly currentTree +-- http-signature@1.1.1
290 silly currentTree +-- iconv-lite@0.2.11
290 silly currentTree +-- inflight@1.0.6
290 silly currentTree +-- inherits@2.0.3
290 silly currentTree +-- ipaddr.js@1.4.0
290 silly currentTree +-- is-buffer@1.1.5
290 silly currentTree +-- is-typedarray@1.0.0
290 silly currentTree +-- isarray@0.0.1
290 silly currentTree +-- isstream@0.1.2
290 silly currentTree +-- jade@0.26.3
290 silly currentTree | +-- commander@0.6.1
290 silly currentTree | `-- mkdirp@0.3.0
290 silly currentTree +-- js-yaml@2.0.5
290 silly currentTree +-- jsbn@0.1.1
290 silly currentTree +-- jshint@2.5.11
290 silly currentTree | +-- minimatch@1.0.0
290 silly currentTree | `-- underscore@1.6.0
290 silly currentTree +-- json-schema@0.2.3
290 silly currentTree +-- json-stable-stringify@1.0.1
290 silly currentTree +-- json-stringify-safe@5.0.1
290 silly currentTree +-- jsonify@0.0.0
290 silly currentTree +-- jsprim@1.4.1
290 silly currentTree | `-- assert-plus@1.0.0
290 silly currentTree +-- kind-of@3.2.2
290 silly currentTree +-- lazy-cache@1.0.4
290 silly currentTree +-- lodash@0.9.2
290 silly currentTree +-- longest@1.0.1
290 silly currentTree +-- lru-cache@2.7.3
290 silly currentTree +-- media-typer@0.3.0
290 silly currentTree +-- merge-descriptors@1.0.1
290 silly currentTree +-- methods@1.1.2
290 silly currentTree +-- mime-db@1.30.0
290 silly currentTree +-- mime-types@2.1.17
290 silly currentTree +-- mime@1.3.4
290 silly currentTree +-- minimatch@3.0.4
290 silly currentTree +-- minimist@0.0.10
290 silly currentTree +-- mkdirp@0.3.5
290 silly currentTree +-- mocha@1.20.1
290 silly currentTree | +-- glob@3.2.3
290 silly currentTree | +-- graceful-fs@2.0.3
290 silly currentTree | `-- minimatch@0.2.14
290 silly currentTree +-- ms@2.0.0
290 silly currentTree +-- negotiator@0.6.1
290 silly currentTree +-- nopt@1.0.10
290 silly currentTree +-- nwmatcher@1.4.1
290 silly currentTree +-- oauth-sign@0.8.2
290 silly currentTree +-- object-keys@1.0.11
290 silly currentTree +-- object.assign@4.0.4
290 silly currentTree +-- on-finished@2.3.0
290 silly currentTree +-- once@1.4.0
290 silly currentTree +-- optimist@0.6.1
290 silly currentTree +-- options@0.0.6
290 silly currentTree +-- parse5@1.5.1
290 silly currentTree +-- parseurl@1.3.1
290 silly currentTree +-- path-is-absolute@1.0.1
290 silly currentTree +-- path-to-regexp@0.1.7
290 silly currentTree +-- performance-now@0.2.0
290 silly currentTree +-- promise@7.3.1
290 silly currentTree +-- proxy-addr@1.1.5
290 silly currentTree +-- punycode@1.4.1
290 silly currentTree +-- qs@6.5.0
290 silly currentTree +-- range-parser@1.2.0
290 silly currentTree +-- readable-stream@1.1.14
290 silly currentTree +-- repeat-string@1.6.1
290 silly currentTree +-- request@2.81.0
290 silly currentTree | +-- qs@6.4.0
290 silly currentTree | `-- tough-cookie@2.3.2
290 silly currentTree +-- right-align@0.1.3
290 silly currentTree +-- rimraf@2.2.8
290 silly currentTree +-- safe-buffer@5.1.1
290 silly currentTree +-- send@0.15.4
290 silly currentTree +-- serve-static@1.12.4
290 silly currentTree +-- setprototypeof@1.0.3
290 silly currentTree +-- shelljs@0.3.0
290 silly currentTree +-- sigmund@1.0.1
290 silly currentTree +-- sntp@1.0.9
290 silly currentTree +-- source-map@0.4.4
290 silly currentTree +-- sshpk@1.13.1
290 silly currentTree | `-- assert-plus@1.0.0
290 silly currentTree +-- statuses@1.3.1
290 silly currentTree +-- string_decoder@0.10.31
290 silly currentTree +-- stringstream@0.0.5
290 silly currentTree +-- strip-json-comments@1.0.4
290 silly currentTree +-- tinycolor@0.0.1
290 silly currentTree +-- tough-cookie@0.12.1
290 silly currentTree +-- tunnel-agent@0.6.0
290 silly currentTree +-- tweetnacl@0.14.5
290 silly currentTree +-- type-detect@0.1.1
290 silly currentTree +-- type-is@1.6.15
290 silly currentTree +-- uglify-js@2.8.29
290 silly currentTree | `-- source-map@0.5.7
290 silly currentTree +-- uglify-to-browserify@1.0.2
290 silly currentTree +-- underscore.string@2.2.1
290 silly currentTree +-- underscore@1.7.0
290 silly currentTree +-- unpipe@1.0.0
290 silly currentTree +-- utils-merge@1.0.0
290 silly currentTree +-- uuid@3.1.0
290 silly currentTree +-- vary@1.1.1
290 silly currentTree +-- verror@1.10.0
290 silly currentTree | `-- assert-plus@1.0.0
290 silly currentTree +-- which@1.0.9
290 silly currentTree +-- window-size@0.1.0
290 silly currentTree +-- wordwrap@0.0.3
290 silly currentTree +-- wrappy@1.0.2
290 silly currentTree +-- ws@0.4.32
290 silly currentTree | +-- commander@2.1.0
290 silly currentTree | `-- nan@1.0.0
290 silly currentTree +-- xmlhttprequest@1.8.0
290 silly currentTree `-- yargs@3.10.0
291 silly idealTree meadowlarktravel@0.0.0
291 silly idealTree +-- abbrev@1.1.0
291 silly idealTree +-- accepts@1.3.4
291 silly idealTree +-- ajv@4.11.8
291 silly idealTree +-- align-text@0.1.4
291 silly idealTree +-- amdefine@1.0.1
291 silly idealTree +-- argparse@0.1.16
291 silly idealTree | `-- underscore.string@2.4.0
291 silly idealTree +-- array-flatten@1.1.1
291 silly idealTree +-- asap@2.0.6
291 silly idealTree +-- asn1@0.2.3
291 silly idealTree +-- assert-plus@0.2.0
291 silly idealTree +-- assertion-error@1.0.0
291 silly idealTree +-- async@1.5.2
291 silly idealTree +-- asynckit@0.4.0
291 silly idealTree +-- aws-sign2@0.6.0
291 silly idealTree +-- aws4@1.6.0
291 silly idealTree +-- balanced-match@1.0.0
291 silly idealTree +-- bcrypt-pbkdf@1.0.1
291 silly idealTree +-- bindings@1.3.0
291 silly idealTree +-- bluebird@2.11.0
291 silly idealTree +-- boom@2.10.1
291 silly idealTree +-- brace-expansion@1.1.8
291 silly idealTree +-- browser-request@0.3.3
291 silly idealTree +-- camelcase@1.2.1
291 silly idealTree +-- caseless@0.12.0
291 silly idealTree +-- center-align@0.1.3
291 silly idealTree +-- chai@1.9.2
291 silly idealTree +-- cli@0.6.6
291 silly idealTree | +-- glob@3.2.11
291 silly idealTree | `-- minimatch@0.3.0
291 silly idealTree +-- cliui@2.1.0
291 silly idealTree | `-- wordwrap@0.0.2
291 silly idealTree +-- co@4.6.0
291 silly idealTree +-- coffee-script@1.3.3
291 silly idealTree +-- colors@0.6.2
291 silly idealTree +-- combined-stream@1.0.5
291 silly idealTree +-- commander@2.0.0
291 silly idealTree +-- concat-map@0.0.1
291 silly idealTree +-- console-browserify@1.1.0
291 silly idealTree +-- content-disposition@0.5.2
291 silly idealTree +-- content-type@1.0.2
291 silly idealTree +-- contextify@0.1.15
291 silly idealTree +-- cookie-signature@1.0.6
291 silly idealTree +-- cookie@0.3.1
291 silly idealTree +-- core-util-is@1.0.2
291 silly idealTree +-- cryptiles@2.0.5
291 silly idealTree +-- cssom@0.3.2
291 silly idealTree +-- cssstyle@0.2.37
291 silly idealTree +-- dashdash@1.14.1
291 silly idealTree | `-- assert-plus@1.0.0
291 silly idealTree +-- date-now@0.1.4
291 silly idealTree +-- dateformat@1.0.2-1.2.3
291 silly idealTree +-- debug@2.6.8
291 silly idealTree +-- decamelize@1.2.0
291 silly idealTree +-- deep-eql@0.1.3
291 silly idealTree +-- define-properties@1.1.2
291 silly idealTree +-- delayed-stream@1.0.0
291 silly idealTree +-- depd@1.1.1
291 silly idealTree +-- destroy@1.0.4
291 silly idealTree +-- diff@1.0.7
291 silly idealTree +-- dom-serializer@0.1.0
291 silly idealTree | +-- domelementtype@1.1.3
291 silly idealTree | `-- entities@1.1.1
291 silly idealTree +-- domelementtype@1.3.0
291 silly idealTree +-- domhandler@2.3.0
291 silly idealTree +-- domutils@1.5.1
291 silly idealTree +-- ecc-jsbn@0.1.1
291 silly idealTree +-- ee-first@1.1.1
291 silly idealTree +-- encodeurl@1.0.1
291 silly idealTree +-- entities@1.0.0
291 silly idealTree +-- escape-html@1.0.3
291 silly idealTree +-- esprima@1.0.4
291 silly idealTree +-- etag@1.8.0
291 silly idealTree +-- eventemitter2@0.4.14
291 silly idealTree +-- eventsource@0.1.3
291 silly idealTree +-- exit@0.1.2
291 silly idealTree +-- express-handlebars@3.0.0
291 silly idealTree +-- express@4.15.4
291 silly idealTree +-- extend@3.0.1
291 silly idealTree +-- extsprintf@1.3.0
291 silly idealTree +-- finalhandler@1.0.4
291 silly idealTree +-- findup-sync@0.1.3
291 silly idealTree | +-- glob@3.2.11
291 silly idealTree | +-- lodash@2.4.2
291 silly idealTree | `-- minimatch@0.3.0
291 silly idealTree +-- foreach@2.0.5
291 silly idealTree +-- forever-agent@0.6.1
291 silly idealTree +-- form-data@2.1.4
291 silly idealTree +-- forwarded@0.1.0
291 silly idealTree +-- fresh@0.5.0
291 silly idealTree +-- function-bind@1.1.1
291 silly idealTree +-- getobject@0.1.0
291 silly idealTree +-- getpass@0.1.7
291 silly idealTree | `-- assert-plus@1.0.0
291 silly idealTree +-- glob@6.0.4
291 silly idealTree +-- graceful-fs@4.1.11
291 silly idealTree +-- growl@1.7.0
291 silly idealTree +-- grunt-cafe-mocha@0.1.13
291 silly idealTree +-- grunt-contrib-jshint@0.10.0
291 silly idealTree +-- grunt-exec@0.4.7
291 silly idealTree +-- grunt-legacy-log-utils@0.1.1
291 silly idealTree | +-- lodash@2.4.2
291 silly idealTree | `-- underscore.string@2.3.3
291 silly idealTree +-- grunt-legacy-log@0.1.3
291 silly idealTree | +-- lodash@2.4.2
291 silly idealTree | `-- underscore.string@2.3.3
291 silly idealTree +-- grunt-legacy-util@0.2.0
291 silly idealTree | `-- async@0.1.22
291 silly idealTree +-- grunt@0.4.5
291 silly idealTree | +-- async@0.1.22
291 silly idealTree | +-- glob@3.1.21
291 silly idealTree | +-- graceful-fs@1.2.3
291 silly idealTree | +-- inherits@1.0.2
291 silly idealTree | `-- minimatch@0.2.14
291 silly idealTree +-- handlebars@4.0.10
291 silly idealTree +-- har-schema@1.0.5
291 silly idealTree +-- har-validator@4.2.1
291 silly idealTree +-- hawk@3.1.3
291 silly idealTree +-- hoek@2.16.3
291 silly idealTree +-- hooker@0.2.3
291 silly idealTree +-- htmlparser2@3.8.3
291 silly idealTree +-- http-errors@1.6.2
291 silly idealTree +-- http-signature@1.1.1
291 silly idealTree +-- iconv-lite@0.2.11
291 silly idealTree +-- inflight@1.0.6
291 silly idealTree +-- inherits@2.0.3
291 silly idealTree +-- ipaddr.js@1.4.0
291 silly idealTree +-- is-buffer@1.1.5
291 silly idealTree +-- is-typedarray@1.0.0
291 silly idealTree +-- isarray@0.0.1
291 silly idealTree +-- isstream@0.1.2
291 silly idealTree +-- jade@0.26.3
291 silly idealTree | +-- commander@0.6.1
291 silly idealTree | `-- mkdirp@0.3.0
291 silly idealTree +-- js-yaml@2.0.5
291 silly idealTree +-- jsbn@0.1.1
291 silly idealTree +-- jsdom@1.0.3
291 silly idealTree +-- jshint@2.5.11
291 silly idealTree | +-- minimatch@1.0.0
291 silly idealTree | `-- underscore@1.6.0
291 silly idealTree +-- json-schema@0.2.3
291 silly idealTree +-- json-stable-stringify@1.0.1
291 silly idealTree +-- json-stringify-safe@5.0.1
291 silly idealTree +-- jsonify@0.0.0
291 silly idealTree +-- jsprim@1.4.1
291 silly idealTree | `-- assert-plus@1.0.0
291 silly idealTree +-- kind-of@3.2.2
291 silly idealTree +-- lazy-cache@1.0.4
291 silly idealTree +-- lodash@0.9.2
291 silly idealTree +-- longest@1.0.1
291 silly idealTree +-- lru-cache@2.7.3
291 silly idealTree +-- media-typer@0.3.0
291 silly idealTree +-- merge-descriptors@1.0.1
291 silly idealTree +-- methods@1.1.2
291 silly idealTree +-- mime-db@1.30.0
291 silly idealTree +-- mime-types@2.1.17
291 silly idealTree +-- mime@1.3.4
291 silly idealTree +-- minimatch@3.0.4
291 silly idealTree +-- minimist@0.0.10
291 silly idealTree +-- mkdirp@0.3.5
291 silly idealTree +-- mocha@1.20.1
291 silly idealTree | +-- glob@3.2.3
291 silly idealTree | +-- graceful-fs@2.0.3
291 silly idealTree | `-- minimatch@0.2.14
291 silly idealTree +-- ms@2.0.0
291 silly idealTree +-- nan@2.7.0
291 silly idealTree +-- negotiator@0.6.1
291 silly idealTree +-- nopt@1.0.10
291 silly idealTree +-- nwmatcher@1.4.1
291 silly idealTree +-- oauth-sign@0.8.2
291 silly idealTree +-- object-keys@1.0.11
291 silly idealTree +-- object.assign@4.0.4
291 silly idealTree +-- on-finished@2.3.0
291 silly idealTree +-- once@1.4.0
291 silly idealTree +-- optimist@0.6.1
291 silly idealTree +-- options@0.0.6
291 silly idealTree +-- parse5@1.5.1
291 silly idealTree +-- parseurl@1.3.1
291 silly idealTree +-- path-is-absolute@1.0.1
291 silly idealTree +-- path-to-regexp@0.1.7
291 silly idealTree +-- performance-now@0.2.0
291 silly idealTree +-- promise@7.3.1
291 silly idealTree +-- proxy-addr@1.1.5
291 silly idealTree +-- punycode@1.4.1
291 silly idealTree +-- qs@6.5.0
291 silly idealTree +-- range-parser@1.2.0
291 silly idealTree +-- readable-stream@1.1.14
291 silly idealTree +-- repeat-string@1.6.1
291 silly idealTree +-- request@2.81.0
291 silly idealTree | +-- qs@6.4.0
291 silly idealTree | `-- tough-cookie@2.3.2
291 silly idealTree +-- right-align@0.1.3
291 silly idealTree +-- rimraf@2.2.8
291 silly idealTree +-- safe-buffer@5.1.1
291 silly idealTree +-- send@0.15.4
291 silly idealTree +-- serve-static@1.12.4
291 silly idealTree +-- setprototypeof@1.0.3
291 silly idealTree +-- shelljs@0.3.0
291 silly idealTree +-- sigmund@1.0.1
291 silly idealTree +-- sntp@1.0.9
291 silly idealTree +-- source-map@0.4.4
291 silly idealTree +-- sshpk@1.13.1
291 silly idealTree | `-- assert-plus@1.0.0
291 silly idealTree +-- statuses@1.3.1
291 silly idealTree +-- string_decoder@0.10.31
291 silly idealTree +-- stringstream@0.0.5
291 silly idealTree +-- strip-json-comments@1.0.4
291 silly idealTree +-- tinycolor@0.0.1
291 silly idealTree +-- tough-cookie@0.12.1
291 silly idealTree +-- tunnel-agent@0.6.0
291 silly idealTree +-- tweetnacl@0.14.5
291 silly idealTree +-- type-detect@0.1.1
291 silly idealTree +-- type-is@1.6.15
291 silly idealTree +-- uglify-js@2.8.29
291 silly idealTree | `-- source-map@0.5.7
291 silly idealTree +-- uglify-to-browserify@1.0.2
291 silly idealTree +-- underscore.string@2.2.1
291 silly idealTree +-- underscore@1.7.0
291 silly idealTree +-- unpipe@1.0.0
291 silly idealTree +-- utils-merge@1.0.0
291 silly idealTree +-- uuid@3.1.0
291 silly idealTree +-- vary@1.1.1
291 silly idealTree +-- verror@1.10.0
291 silly idealTree | `-- assert-plus@1.0.0
291 silly idealTree +-- which@1.0.9
291 silly idealTree +-- window-size@0.1.0
291 silly idealTree +-- wordwrap@0.0.3
291 silly idealTree +-- wrappy@1.0.2
291 silly idealTree +-- ws@0.4.32
291 silly idealTree | +-- commander@2.1.0
291 silly idealTree | `-- nan@1.0.0
291 silly idealTree +-- xmlhttprequest@1.8.0
291 silly idealTree +-- yargs@3.10.0
291 silly idealTree `-- zombie@2.0.8
291 silly idealTree   +-- iconv-lite@0.4.18
291 silly idealTree   `-- ms@0.6.2
292 silly generateActionsToTake Starting
293 silly install generateActionsToTake
294 silly generateActionsToTake Finishing
295 silly diffTrees action count 7
296 silly diffTrees add bindings@1.3.0
297 silly diffTrees add nan@2.7.0
298 silly diffTrees add contextify@0.1.15
299 silly diffTrees add jsdom@1.0.3
300 silly diffTrees add iconv-lite@0.4.18
301 silly diffTrees add ms@0.6.2
302 silly diffTrees add zombie@2.0.8
303 silly decomposeActions action count 56
304 silly decomposeActions fetch bindings@1.3.0
305 silly decomposeActions extract bindings@1.3.0
306 silly decomposeActions test bindings@1.3.0
307 silly decomposeActions preinstall bindings@1.3.0
308 silly decomposeActions build bindings@1.3.0
309 silly decomposeActions install bindings@1.3.0
310 silly decomposeActions postinstall bindings@1.3.0
311 silly decomposeActions finalize bindings@1.3.0
312 silly decomposeActions fetch nan@2.7.0
313 silly decomposeActions extract nan@2.7.0
314 silly decomposeActions test nan@2.7.0
315 silly decomposeActions preinstall nan@2.7.0
316 silly decomposeActions build nan@2.7.0
317 silly decomposeActions install nan@2.7.0
318 silly decomposeActions postinstall nan@2.7.0
319 silly decomposeActions finalize nan@2.7.0
320 silly decomposeActions fetch contextify@0.1.15
321 silly decomposeActions extract contextify@0.1.15
322 silly decomposeActions test contextify@0.1.15
323 silly decomposeActions preinstall contextify@0.1.15
324 silly decomposeActions build contextify@0.1.15
325 silly decomposeActions install contextify@0.1.15
326 silly decomposeActions postinstall contextify@0.1.15
327 silly decomposeActions finalize contextify@0.1.15
328 silly decomposeActions fetch jsdom@1.0.3
329 silly decomposeActions extract jsdom@1.0.3
330 silly decomposeActions test jsdom@1.0.3
331 silly decomposeActions preinstall jsdom@1.0.3
332 silly decomposeActions build jsdom@1.0.3
333 silly decomposeActions install jsdom@1.0.3
334 silly decomposeActions postinstall jsdom@1.0.3
335 silly decomposeActions finalize jsdom@1.0.3
336 silly decomposeActions fetch iconv-lite@0.4.18
337 silly decomposeActions extract iconv-lite@0.4.18
338 silly decomposeActions test iconv-lite@0.4.18
339 silly decomposeActions preinstall iconv-lite@0.4.18
340 silly decomposeActions build iconv-lite@0.4.18
341 silly decomposeActions install iconv-lite@0.4.18
342 silly decomposeActions postinstall iconv-lite@0.4.18
343 silly decomposeActions finalize iconv-lite@0.4.18
344 silly decomposeActions fetch ms@0.6.2
345 silly decomposeActions extract ms@0.6.2
346 silly decomposeActions test ms@0.6.2
347 silly decomposeActions preinstall ms@0.6.2
348 silly decomposeActions build ms@0.6.2
349 silly decomposeActions install ms@0.6.2
350 silly decomposeActions postinstall ms@0.6.2
351 silly decomposeActions finalize ms@0.6.2
352 silly decomposeActions fetch zombie@2.0.8
353 silly decomposeActions extract zombie@2.0.8
354 silly decomposeActions test zombie@2.0.8
355 silly decomposeActions preinstall zombie@2.0.8
356 silly decomposeActions build zombie@2.0.8
357 silly decomposeActions install zombie@2.0.8
358 silly decomposeActions postinstall zombie@2.0.8
359 silly decomposeActions finalize zombie@2.0.8
360 silly runTopLevelLifecycles Starting
361 silly install runPreinstallTopLevelLifecycles
362 silly preinstall meadowlarktravel@0.0.0 E:\study\nodeAndExpress\ch05\meadowlarktravel-4a3e9acd
363 info lifecycle meadowlarktravel@0.0.0~preinstall: meadowlarktravel@0.0.0
364 silly lifecycle meadowlarktravel@0.0.0~preinstall: no script for preinstall, continuing
365 silly executeActions Starting
366 silly install executeActions
367 silly doSerial global-install 0
368 silly doParallel fetch 7
369 verbose correctMkdir C:\Users\wh_ke\AppData\Roaming\npm-cache\_locks correctMkdir not in flight; initializing
370 verbose lock using C:\Users\wh_ke\AppData\Roaming\npm-cache\_locks\staging-837d0c5a32dc4d5a.lock for E:\study\nodeAndExpress\ch05\node_modules\.staging
371 silly doParallel extract 7
372 silly extract bindings@1.3.0
373 silly extract nan@2.7.0
374 silly extract contextify@0.1.15
375 silly extract jsdom@1.0.3
376 silly extract iconv-lite@0.4.18
377 silly extract ms@0.6.2
378 silly extract zombie@2.0.8
379 verbose unbuild node_modules\.staging\bindings-13955e09
380 verbose unbuild node_modules\.staging\contextify-c2943f25
381 verbose unbuild node_modules\.staging\jsdom-6c66162a
382 verbose unbuild node_modules\.staging\nan-028d194f
383 verbose unbuild node_modules\.staging\ms-2bf2c678
384 verbose unbuild node_modules\.staging\iconv-lite-2ec97b44
385 verbose unbuild node_modules\.staging\zombie-b5cc4007
386 silly gentlyRm E:\study\nodeAndExpress\ch05\node_modules\.staging\bindings-13955e09 is being purged from base E:\study\nodeAndExpress\ch05
387 verbose gentlyRm don't care about contents; nuking E:\study\nodeAndExpress\ch05\node_modules\.staging\bindings-13955e09
388 silly gentlyRm E:\study\nodeAndExpress\ch05\node_modules\.staging\ms-2bf2c678 is being purged from base E:\study\nodeAndExpress\ch05
389 verbose gentlyRm don't care about contents; nuking E:\study\nodeAndExpress\ch05\node_modules\.staging\ms-2bf2c678
390 silly gentlyRm E:\study\nodeAndExpress\ch05\node_modules\.staging\contextify-c2943f25 is being purged from base E:\study\nodeAndExpress\ch05
391 verbose gentlyRm don't care about contents; nuking E:\study\nodeAndExpress\ch05\node_modules\.staging\contextify-c2943f25
392 silly gentlyRm E:\study\nodeAndExpress\ch05\node_modules\.staging\iconv-lite-2ec97b44 is being purged from base E:\study\nodeAndExpress\ch05
393 verbose gentlyRm don't care about contents; nuking E:\study\nodeAndExpress\ch05\node_modules\.staging\iconv-lite-2ec97b44
394 silly gentlyRm E:\study\nodeAndExpress\ch05\node_modules\.staging\jsdom-6c66162a is being purged from base E:\study\nodeAndExpress\ch05
395 verbose gentlyRm don't care about contents; nuking E:\study\nodeAndExpress\ch05\node_modules\.staging\jsdom-6c66162a
396 silly gentlyRm E:\study\nodeAndExpress\ch05\node_modules\.staging\nan-028d194f is being purged from base E:\study\nodeAndExpress\ch05
397 verbose gentlyRm don't care about contents; nuking E:\study\nodeAndExpress\ch05\node_modules\.staging\nan-028d194f
398 silly gentlyRm E:\study\nodeAndExpress\ch05\node_modules\.staging\zombie-b5cc4007 is being purged from base E:\study\nodeAndExpress\ch05
399 verbose gentlyRm don't care about contents; nuking E:\study\nodeAndExpress\ch05\node_modules\.staging\zombie-b5cc4007
400 verbose tar unpack C:\Users\wh_ke\AppData\Roaming\npm-cache\bindings\1.3.0\package.tgz
401 verbose tar unpacking to E:\study\nodeAndExpress\ch05\node_modules\.staging\bindings-13955e09
402 silly gentlyRm E:\study\nodeAndExpress\ch05\node_modules\.staging\bindings-13955e09 is being purged
403 verbose gentlyRm don't care about contents; nuking E:\study\nodeAndExpress\ch05\node_modules\.staging\bindings-13955e09
404 verbose tar unpack C:\Users\wh_ke\AppData\Roaming\npm-cache\ms\0.6.2\package.tgz
405 verbose tar unpacking to E:\study\nodeAndExpress\ch05\node_modules\.staging\ms-2bf2c678
406 silly gentlyRm E:\study\nodeAndExpress\ch05\node_modules\.staging\ms-2bf2c678 is being purged
407 verbose gentlyRm don't care about contents; nuking E:\study\nodeAndExpress\ch05\node_modules\.staging\ms-2bf2c678
408 verbose tar unpack C:\Users\wh_ke\AppData\Roaming\npm-cache\contextify\0.1.15\package.tgz
409 verbose tar unpacking to E:\study\nodeAndExpress\ch05\node_modules\.staging\contextify-c2943f25
410 silly gentlyRm E:\study\nodeAndExpress\ch05\node_modules\.staging\contextify-c2943f25 is being purged
411 verbose gentlyRm don't care about contents; nuking E:\study\nodeAndExpress\ch05\node_modules\.staging\contextify-c2943f25
412 verbose tar unpack C:\Users\wh_ke\AppData\Roaming\npm-cache\iconv-lite\0.4.18\package.tgz
413 verbose tar unpacking to E:\study\nodeAndExpress\ch05\node_modules\.staging\iconv-lite-2ec97b44
414 silly gentlyRm E:\study\nodeAndExpress\ch05\node_modules\.staging\iconv-lite-2ec97b44 is being purged
415 verbose gentlyRm don't care about contents; nuking E:\study\nodeAndExpress\ch05\node_modules\.staging\iconv-lite-2ec97b44
416 verbose tar unpack C:\Users\wh_ke\AppData\Roaming\npm-cache\jsdom\1.0.3\package.tgz
417 verbose tar unpacking to E:\study\nodeAndExpress\ch05\node_modules\.staging\jsdom-6c66162a
418 silly gentlyRm E:\study\nodeAndExpress\ch05\node_modules\.staging\jsdom-6c66162a is being purged
419 verbose gentlyRm don't care about contents; nuking E:\study\nodeAndExpress\ch05\node_modules\.staging\jsdom-6c66162a
420 verbose tar unpack C:\Users\wh_ke\AppData\Roaming\npm-cache\nan\2.7.0\package.tgz
421 verbose tar unpacking to E:\study\nodeAndExpress\ch05\node_modules\.staging\nan-028d194f
422 silly gentlyRm E:\study\nodeAndExpress\ch05\node_modules\.staging\nan-028d194f is being purged
423 verbose gentlyRm don't care about contents; nuking E:\study\nodeAndExpress\ch05\node_modules\.staging\nan-028d194f
424 verbose tar unpack C:\Users\wh_ke\AppData\Roaming\npm-cache\zombie\2.0.8\package.tgz
425 verbose tar unpacking to E:\study\nodeAndExpress\ch05\node_modules\.staging\zombie-b5cc4007
426 silly gentlyRm E:\study\nodeAndExpress\ch05\node_modules\.staging\zombie-b5cc4007 is being purged
427 verbose gentlyRm don't care about contents; nuking E:\study\nodeAndExpress\ch05\node_modules\.staging\zombie-b5cc4007
428 silly gunzTarPerm modes [ '777', '666' ]
429 silly gunzTarPerm modes [ '777', '666' ]
430 silly gunzTarPerm modes [ '777', '666' ]
431 silly gunzTarPerm modes [ '777', '666' ]
432 silly gunzTarPerm modes [ '777', '666' ]
433 silly gunzTarPerm modes [ '777', '666' ]
434 silly gunzTarPerm modes [ '777', '666' ]
435 silly gunzTarPerm extractEntry package.json
436 silly gunzTarPerm modified mode [ 'package.json', 420, 438 ]
437 silly gunzTarPerm extractEntry package.json
438 silly gunzTarPerm modified mode [ 'package.json', 420, 438 ]
439 silly gunzTarPerm extractEntry package.json
440 silly gunzTarPerm modified mode [ 'package.json', 420, 438 ]
441 silly gunzTarPerm extractEntry package.json
442 silly gunzTarPerm modified mode [ 'package.json', 420, 438 ]
443 silly gunzTarPerm extractEntry package.json
444 silly gunzTarPerm extractEntry package.json
445 silly gunzTarPerm modified mode [ 'package.json', 420, 438 ]
446 silly gunzTarPerm extractEntry package.json
447 silly gunzTarPerm modified mode [ 'package.json', 436, 438 ]
448 silly gunzTarPerm extractEntry README.md
449 silly gunzTarPerm modified mode [ 'README.md', 420, 438 ]
450 silly gunzTarPerm extractEntry bindings.js
451 silly gunzTarPerm modified mode [ 'bindings.js', 420, 438 ]
452 silly gunzTarPerm extractEntry .npmignore
453 silly gunzTarPerm modified mode [ '.npmignore', 420, 438 ]
454 silly gunzTarPerm extractEntry README.md
455 silly gunzTarPerm modified mode [ 'README.md', 420, 438 ]
456 silly gunzTarPerm extractEntry .npmignore
457 silly gunzTarPerm modified mode [ '.npmignore', 420, 438 ]
458 silly gunzTarPerm extractEntry README.md
459 silly gunzTarPerm modified mode [ 'README.md', 420, 438 ]
460 silly gunzTarPerm extractEntry .npmignore
461 silly gunzTarPerm modified mode [ '.npmignore', 420, 438 ]
462 silly gunzTarPerm extractEntry README.md
463 silly gunzTarPerm modified mode [ 'README.md', 420, 438 ]
464 silly gunzTarPerm extractEntry README.md
465 silly gunzTarPerm extractEntry .npmignore
466 silly gunzTarPerm modified mode [ '.npmignore', 420, 438 ]
467 silly gunzTarPerm extractEntry README.md
468 silly gunzTarPerm modified mode [ 'README.md', 420, 438 ]
469 silly gunzTarPerm extractEntry README.md
470 silly gunzTarPerm modified mode [ 'README.md', 436, 438 ]
471 silly gunzTarPerm extractEntry include_dirs.js
472 silly gunzTarPerm modified mode [ 'include_dirs.js', 436, 438 ]
473 silly gunzTarPerm extractEntry .gitmodules
474 silly gunzTarPerm extractEntry index.js
475 silly gunzTarPerm modified mode [ 'index.js', 420, 438 ]
476 silly gunzTarPerm extractEntry .travis.yml
477 silly gunzTarPerm modified mode [ '.travis.yml', 420, 438 ]
478 silly gunzTarPerm extractEntry LICENSE.txt
479 silly gunzTarPerm modified mode [ 'LICENSE.txt', 420, 438 ]
480 silly gunzTarPerm extractEntry LICENSE
481 silly gunzTarPerm modified mode [ 'LICENSE', 420, 438 ]
482 silly gunzTarPerm extractEntry encodings/dbcs-codec.js
483 silly gunzTarPerm modified mode [ 'encodings/dbcs-codec.js', 420, 438 ]
484 silly gunzTarPerm extractEntry LICENSE.txt
485 silly gunzTarPerm extractEntry lib/jsdom.js
486 silly gunzTarPerm extractEntry nan_converters_43_inl.h
487 silly gunzTarPerm modified mode [ 'nan_converters_43_inl.h', 436, 438 ]
488 silly gunzTarPerm extractEntry LICENSE.md
489 silly gunzTarPerm modified mode [ 'LICENSE.md', 436, 438 ]
490 silly gunzTarPerm extractEntry doc/new.md
491 silly gunzTarPerm modified mode [ 'doc/new.md', 436, 438 ]
492 silly gunzTarPerm extractEntry Gulpfile.js
493 silly gunzTarPerm modified mode [ 'Gulpfile.js', 420, 438 ]
494 silly gunzTarPerm extractEntry doc/asyncworker.md
495 silly gunzTarPerm modified mode [ 'doc/asyncworker.md', 436, 438 ]
496 silly gunzTarPerm extractEntry encodings/dbcs-data.js
497 silly gunzTarPerm modified mode [ 'encodings/dbcs-data.js', 420, 438 ]
498 silly gunzTarPerm extractEntry .dntrc
499 silly gunzTarPerm modified mode [ '.dntrc', 420, 438 ]
500 silly gunzTarPerm extractEntry binding.gyp
501 silly gunzTarPerm modified mode [ 'binding.gyp', 420, 438 ]
502 silly gunzTarPerm extractEntry MIT-LICENSE
503 silly gunzTarPerm modified mode [ 'MIT-LICENSE', 420, 438 ]
504 silly gunzTarPerm extractEntry CHANGELOG.md
505 silly gunzTarPerm modified mode [ 'CHANGELOG.md', 420, 438 ]
506 silly gunzTarPerm extractEntry CONTRIBUTING.md
507 silly gunzTarPerm modified mode [ 'CONTRIBUTING.md', 420, 438 ]
508 silly gunzTarPerm extractEntry lib/jsdom/contextify-shim.js
509 silly gunzTarPerm extractEntry lib/jsdom/utils.js
510 silly gunzTarPerm extractEntry doc/API.md
511 silly gunzTarPerm modified mode [ 'doc/API.md', 420, 438 ]
512 silly gunzTarPerm extractEntry doc/callback.md
513 silly gunzTarPerm modified mode [ 'doc/callback.md', 436, 438 ]
514 silly gunzTarPerm extractEntry doc/converters.md
515 silly gunzTarPerm modified mode [ 'doc/converters.md', 436, 438 ]
516 silly gunzTarPerm extractEntry doc/css/github.css
517 silly gunzTarPerm modified mode [ 'doc/css/github.css', 420, 438 ]
518 silly gunzTarPerm extractEntry changelog
519 silly gunzTarPerm modified mode [ 'changelog', 420, 438 ]
520 silly gunzTarPerm extractEntry lib/contextify.js
521 silly gunzTarPerm modified mode [ 'lib/contextify.js', 420, 438 ]
522 silly gunzTarPerm extractEntry test/contextify.js
523 silly gunzTarPerm modified mode [ 'test/contextify.js', 420, 438 ]
524 silly gunzTarPerm extractEntry src/contextify.cc
525 silly gunzTarPerm modified mode [ 'src/contextify.cc', 420, 438 ]
526 silly gunzTarPerm extractEntry wscript
527 silly gunzTarPerm modified mode [ 'wscript', 420, 438 ]
528 silly gunzTarPerm extractEntry encodings/index.js
529 silly gunzTarPerm modified mode [ 'encodings/index.js', 420, 438 ]
530 silly gunzTarPerm extractEntry encodings/internal.js
531 silly gunzTarPerm modified mode [ 'encodings/internal.js', 420, 438 ]
532 silly gunzTarPerm extractEntry lib/jsdom/browser/documentAdapter.js
533 silly gunzTarPerm extractEntry lib/jsdom/browser/documentfeatures.js
534 silly gunzTarPerm extractEntry doc/errors.md
535 silly gunzTarPerm modified mode [ 'doc/errors.md', 436, 438 ]
536 silly gunzTarPerm extractEntry doc/json.md
537 silly gunzTarPerm modified mode [ 'doc/json.md', 436, 438 ]
538 silly gunzTarPerm extractEntry doc/css/print.css
539 silly gunzTarPerm modified mode [ 'doc/css/print.css', 420, 438 ]
540 silly gunzTarPerm extractEntry doc/css/screen.css
541 silly gunzTarPerm modified mode [ 'doc/css/screen.css', 420, 438 ]
542 silly gunzTarPerm extractEntry encodings/sbcs-codec.js
543 silly gunzTarPerm modified mode [ 'encodings/sbcs-codec.js', 420, 438 ]
544 silly gunzTarPerm extractEntry encodings/sbcs-data-generated.js
545 silly gunzTarPerm modified mode [ 'encodings/sbcs-data-generated.js', 420, 438 ]
546 silly gunzTarPerm extractEntry encodings/sbcs-data.js
547 silly gunzTarPerm modified mode [ 'encodings/sbcs-data.js', 420, 438 ]
548 silly gunzTarPerm extractEntry lib/jsdom/browser/domtohtml.js
549 silly gunzTarPerm extractEntry lib/jsdom/browser/history.js
550 silly gunzTarPerm extractEntry encodings/utf16.js
551 silly gunzTarPerm modified mode [ 'encodings/utf16.js', 420, 438 ]
552 silly gunzTarPerm extractEntry doc/maybe_types.md
553 silly gunzTarPerm modified mode [ 'doc/maybe_types.md', 436, 438 ]
554 silly gunzTarPerm extractEntry doc/methods.md
555 silly gunzTarPerm modified mode [ 'doc/methods.md', 436, 438 ]
556 silly gentlyRm E:\study\nodeAndExpress\ch05\node_modules\.staging\bindings-13955e09\node_modules is being purged
557 verbose gentlyRm don't care about contents; nuking E:\study\nodeAndExpress\ch05\node_modules\.staging\bindings-13955e09\node_modules
558 silly gunzTarPerm extractEntry doc/guts.md
559 silly gunzTarPerm modified mode [ 'doc/guts.md', 420, 438 ]
560 silly gunzTarPerm extractEntry doc/images/zombie.png
561 silly gunzTarPerm modified mode [ 'doc/images/zombie.png', 420, 438 ]
562 silly gunzTarPerm extractEntry lib/jsdom/browser/htmltodom.js
563 silly gunzTarPerm extractEntry lib/jsdom/browser/index.js
564 silly gunzTarPerm extractEntry doc/buffers.md
565 silly gunzTarPerm modified mode [ 'doc/buffers.md', 436, 438 ]
566 silly gunzTarPerm extractEntry doc/node_misc.md
567 silly gunzTarPerm modified mode [ 'doc/node_misc.md', 436, 438 ]
568 silly gunzTarPerm extractEntry encodings/utf7.js
569 silly gunzTarPerm modified mode [ 'encodings/utf7.js', 420, 438 ]
570 silly gunzTarPerm extractEntry encodings/tables/big5-added.json
571 silly gunzTarPerm modified mode [ 'encodings/tables/big5-added.json', 420, 438 ]
572 silly gunzTarPerm extractEntry doc/layout/cover.html
573 silly gunzTarPerm modified mode [ 'doc/layout/cover.html', 420, 438 ]
574 silly gunzTarPerm extractEntry doc/layout/header.html
575 silly gunzTarPerm modified mode [ 'doc/layout/header.html', 420, 438 ]
576 silly gentlyRm E:\study\nodeAndExpress\ch05\node_modules\.staging\ms-2bf2c678\node_modules is being purged
577 verbose gentlyRm don't care about contents; nuking E:\study\nodeAndExpress\ch05\node_modules\.staging\ms-2bf2c678\node_modules
578 silly gunzTarPerm extractEntry doc/layout/main.html
579 silly gunzTarPerm modified mode [ 'doc/layout/main.html', 420, 438 ]
580 silly gunzTarPerm extractEntry doc/new/zombie.js
581 silly gunzTarPerm modified mode [ 'doc/new/zombie.js', 420, 438 ]
582 silly gunzTarPerm extractEntry encodings/tables/cp936.json
583 silly gunzTarPerm modified mode [ 'encodings/tables/cp936.json', 420, 438 ]
584 silly gunzTarPerm extractEntry lib/jsdom/browser/location.js
585 silly gunzTarPerm extractEntry lib/jsdom/browser/utils.js
586 silly gunzTarPerm extractEntry encodings/tables/cp949.json
587 silly gunzTarPerm modified mode [ 'encodings/tables/cp949.json', 420, 438 ]
588 silly gunzTarPerm extractEntry doc/object_wrappers.md
589 silly gunzTarPerm modified mode [ 'doc/object_wrappers.md', 436, 438 ]
590 silly gunzTarPerm extractEntry doc/persistent.md
591 silly gunzTarPerm modified mode [ 'doc/persistent.md', 436, 438 ]
592 silly gunzTarPerm extractEntry doc/new/layout.html
593 silly gunzTarPerm modified mode [ 'doc/new/layout.html', 420, 438 ]
594 silly gunzTarPerm extractEntry doc/new/zombie.css
595 silly gunzTarPerm modified mode [ 'doc/new/zombie.css', 420, 438 ]
596 silly gunzTarPerm extractEntry encodings/tables/cp950.json
597 silly gunzTarPerm modified mode [ 'encodings/tables/cp950.json', 420, 438 ]
598 silly gunzTarPerm extractEntry encodings/tables/eucjp.json
599 silly gunzTarPerm modified mode [ 'encodings/tables/eucjp.json', 420, 438 ]
600 silly gunzTarPerm extractEntry lib/jsdom/level1/core.js
601 silly gunzTarPerm extractEntry lib/jsdom/level2/core.js
602 silly gunzTarPerm extractEntry doc/scopes.md
603 silly gunzTarPerm modified mode [ 'doc/scopes.md', 436, 438 ]
604 silly gunzTarPerm extractEntry doc/script.md
605 silly gunzTarPerm modified mode [ 'doc/script.md', 436, 438 ]
606 silly gunzTarPerm extractEntry doc/render.coffee
607 silly gunzTarPerm modified mode [ 'doc/render.coffee', 420, 438 ]
608 silly gunzTarPerm extractEntry doc/selectors.md
609 silly gunzTarPerm modified mode [ 'doc/selectors.md', 420, 438 ]
610 silly gunzTarPerm extractEntry doc/troubleshoot.md
611 silly gunzTarPerm modified mode [ 'doc/troubleshoot.md', 420, 438 ]
612 silly gunzTarPerm extractEntry lib/zombie/assert.js
613 silly gunzTarPerm modified mode [ 'lib/zombie/assert.js', 420, 438 ]
614 silly gunzTarPerm extractEntry encodings/tables/gb18030-ranges.json
615 silly gunzTarPerm modified mode [ 'encodings/tables/gb18030-ranges.json', 420, 438 ]
616 silly gunzTarPerm extractEntry doc/string_bytes.md
617 silly gunzTarPerm modified mode [ 'doc/string_bytes.md', 436, 438 ]
618 silly gunzTarPerm extractEntry doc/v8_internals.md
619 silly gunzTarPerm modified mode [ 'doc/v8_internals.md', 436, 438 ]
620 silly gunzTarPerm extractEntry lib/jsdom/level2/events.js
621 silly gunzTarPerm extractEntry lib/jsdom/level2/html.js
622 silly gunzTarPerm extractEntry encodings/tables/gbk-added.json
623 silly gunzTarPerm modified mode [ 'encodings/tables/gbk-added.json', 420, 438 ]
624 silly gunzTarPerm extractEntry encodings/tables/shiftjis.json
625 silly gunzTarPerm modified mode [ 'encodings/tables/shiftjis.json', 420, 438 ]
626 silly gunzTarPerm extractEntry .travis.yml
627 silly gunzTarPerm modified mode [ '.travis.yml', 420, 438 ]
628 silly gunzTarPerm extractEntry doc/v8_misc.md
629 silly gunzTarPerm modified mode [ 'doc/v8_misc.md', 436, 438 ]
630 silly gunzTarPerm extractEntry nan.h
631 silly gunzTarPerm modified mode [ 'nan.h', 436, 438 ]
632 silly gunzTarPerm extractEntry lib/jsdom/level2/index.js
633 silly gunzTarPerm extractEntry lib/jsdom/level2/style.js
634 silly gunzTarPerm extractEntry lib/zombie/dom_iframe.js
635 silly gunzTarPerm modified mode [ 'lib/zombie/dom_iframe.js', 420, 438 ]
636 silly gunzTarPerm extractEntry lib/zombie/eventloop.js
637 silly gunzTarPerm modified mode [ 'lib/zombie/eventloop.js', 420, 438 ]
638 silly gunzTarPerm extractEntry lib/bom-handling.js
639 silly gunzTarPerm modified mode [ 'lib/bom-handling.js', 420, 438 ]
640 silly gunzTarPerm extractEntry lib/jsdom/level2/languages/javascript.js
641 silly gunzTarPerm extractEntry lib/jsdom/level3/core.js
642 silly gunzTarPerm extractEntry nan_callbacks.h
643 silly gunzTarPerm modified mode [ 'nan_callbacks.h', 436, 438 ]
644 silly gunzTarPerm extractEntry lib/extend-node.js
645 silly gunzTarPerm modified mode [ 'lib/extend-node.js', 420, 438 ]
646 silly gunzTarPerm extractEntry lib/index.js
647 silly gunzTarPerm modified mode [ 'lib/index.js', 420, 438 ]
648 silly gunzTarPerm extractEntry lib/zombie/forms.js
649 silly gunzTarPerm modified mode [ 'lib/zombie/forms.js', 420, 438 ]
650 silly gunzTarPerm extractEntry lib/zombie/dom_focus.js
651 silly gunzTarPerm modified mode [ 'lib/zombie/dom_focus.js', 420, 438 ]
652 silly gunzTarPerm extractEntry lib/jsdom/level3/events.js
653 silly gunzTarPerm extractEntry lib/jsdom/level3/html.js
654 silly gunzTarPerm extractEntry nan_callbacks_12_inl.h
655 silly gunzTarPerm modified mode [ 'nan_callbacks_12_inl.h', 436, 438 ]
656 silly gunzTarPerm extractEntry nan_callbacks_pre_12_inl.h
657 silly gunzTarPerm modified mode [ 'nan_callbacks_pre_12_inl.h', 436, 438 ]
658 silly gunzTarPerm extractEntry nan_converters.h
659 silly gunzTarPerm modified mode [ 'nan_converters.h', 436, 438 ]
660 silly gunzTarPerm extractEntry lib/streams.js
661 silly gunzTarPerm modified mode [ 'lib/streams.js', 420, 438 ]
662 silly gunzTarPerm extractEntry lib/index.d.ts
663 silly gunzTarPerm modified mode [ 'lib/index.d.ts', 420, 438 ]
664 silly gunzTarPerm extractEntry lib/zombie/index.js
665 silly gunzTarPerm modified mode [ 'lib/zombie/index.js', 420, 438 ]
666 silly gunzTarPerm extractEntry lib/zombie/interact.js
667 silly gunzTarPerm modified mode [ 'lib/zombie/interact.js', 420, 438 ]
668 silly gunzTarPerm extractEntry nan_converters_pre_43_inl.h
669 silly gunzTarPerm modified mode [ 'nan_converters_pre_43_inl.h', 436, 438 ]
670 silly gunzTarPerm extractEntry lib/jsdom/level3/index.js
671 silly gunzTarPerm extractEntry lib/jsdom/level3/ls.js
672 silly gunzTarPerm extractEntry lib/jsdom/level3/xpath.js
673 silly gunzTarPerm extractEntry Changelog.md
674 silly gunzTarPerm modified mode [ 'Changelog.md', 420, 438 ]
675 silly gunzTarPerm extractEntry nan_implementation_12_inl.h
676 silly gunzTarPerm modified mode [ 'nan_implementation_12_inl.h', 436, 438 ]
677 silly gunzTarPerm extractEntry nan_implementation_pre_12_inl.h
678 silly gunzTarPerm modified mode [ 'nan_implementation_pre_12_inl.h', 436, 438 ]
679 silly gunzTarPerm extractEntry nan_json.h
680 silly gunzTarPerm modified mode [ 'nan_json.h', 436, 438 ]
681 silly gunzTarPerm extractEntry lib/jsdom/living/core.js
682 silly gunzTarPerm extractEntry lib/jsdom/living/index.js
683 silly gunzTarPerm extractEntry lib/jsdom/living/node.js
684 silly gunzTarPerm extractEntry lib/jsdom/selectors/index.js
685 silly gunzTarPerm extractEntry lib/zombie/jsdom_patches.js
686 silly gunzTarPerm modified mode [ 'lib/zombie/jsdom_patches.js', 420, 438 ]
687 silly gunzTarPerm extractEntry lib/zombie/port_map.js
688 silly gunzTarPerm modified mode [ 'lib/zombie/port_map.js', 420, 438 ]
689 silly gunzTarPerm extractEntry nan_maybe_43_inl.h
690 silly gunzTarPerm modified mode [ 'nan_maybe_43_inl.h', 436, 438 ]
691 silly gunzTarPerm extractEntry lib/zombie/protocol.js
692 silly gunzTarPerm modified mode [ 'lib/zombie/protocol.js', 420, 438 ]
693 silly gunzTarPerm extractEntry lib/zombie/document.js
694 silly gunzTarPerm modified mode [ 'lib/zombie/document.js', 420, 438 ]
695 silly gunzTarPerm extractEntry lib/zombie/resources.js
696 silly gunzTarPerm modified mode [ 'lib/zombie/resources.js', 420, 438 ]
697 silly gentlyRm E:\study\nodeAndExpress\ch05\node_modules\.staging\contextify-c2943f25\node_modules is being purged
698 verbose gentlyRm don't care about contents; nuking E:\study\nodeAndExpress\ch05\node_modules\.staging\contextify-c2943f25\node_modules
699 silly gunzTarPerm extractEntry lib/zombie/dns_mask.js
700 silly gunzTarPerm modified mode [ 'lib/zombie/dns_mask.js', 420, 438 ]
701 silly gunzTarPerm extractEntry nan_maybe_pre_43_inl.h
702 silly gunzTarPerm modified mode [ 'nan_maybe_pre_43_inl.h', 436, 438 ]
703 silly gunzTarPerm extractEntry nan_new.h
704 silly gunzTarPerm modified mode [ 'nan_new.h', 436, 438 ]
705 silly gunzTarPerm extractEntry lib/zombie/scripts.js
706 silly gunzTarPerm modified mode [ 'lib/zombie/scripts.js', 420, 438 ]
707 silly gunzTarPerm extractEntry lib/zombie/cookies.js
708 silly gunzTarPerm modified mode [ 'lib/zombie/cookies.js', 420, 438 ]
709 silly gunzTarPerm extractEntry nan_object_wrap.h
710 silly gunzTarPerm modified mode [ 'nan_object_wrap.h', 436, 438 ]
711 silly gunzTarPerm extractEntry nan_persistent_12_inl.h
712 silly gunzTarPerm modified mode [ 'nan_persistent_12_inl.h', 436, 438 ]
713 silly gunzTarPerm extractEntry lib/zombie/storage.js
714 silly gunzTarPerm modified mode [ 'lib/zombie/storage.js', 420, 438 ]
715 silly gunzTarPerm extractEntry lib/zombie/console.js
716 silly gunzTarPerm modified mode [ 'lib/zombie/console.js', 420, 438 ]
717 silly gunzTarPerm extractEntry nan_persistent_pre_12_inl.h
718 silly gunzTarPerm modified mode [ 'nan_persistent_pre_12_inl.h', 436, 438 ]
719 silly gunzTarPerm extractEntry nan_private.h
720 silly gunzTarPerm modified mode [ 'nan_private.h', 436, 438 ]
721 silly gunzTarPerm extractEntry lib/zombie/tabs.js
722 silly gunzTarPerm modified mode [ 'lib/zombie/tabs.js', 420, 438 ]
723 silly gunzTarPerm extractEntry lib/zombie/browser.js
724 silly gunzTarPerm modified mode [ 'lib/zombie/browser.js', 420, 438 ]
725 silly gunzTarPerm extractEntry nan_string_bytes.h
726 silly gunzTarPerm modified mode [ 'nan_string_bytes.h', 436, 438 ]
727 silly gunzTarPerm extractEntry nan_typedarray_contents.h
728 silly gunzTarPerm modified mode [ 'nan_typedarray_contents.h', 436, 438 ]
729 silly gunzTarPerm extractEntry lib/zombie/window.js
730 silly gunzTarPerm modified mode [ 'lib/zombie/window.js', 420, 438 ]
731 silly gunzTarPerm extractEntry nan_weak.h
732 silly gunzTarPerm modified mode [ 'nan_weak.h', 436, 438 ]
733 silly gunzTarPerm extractEntry CHANGELOG.md
734 silly gunzTarPerm modified mode [ 'CHANGELOG.md', 436, 438 ]
735 silly gunzTarPerm extractEntry lib/zombie/bcat.js
736 silly gunzTarPerm modified mode [ 'lib/zombie/bcat.js', 420, 438 ]
737 silly gunzTarPerm extractEntry lib/zombie/xhr.js
738 silly gunzTarPerm modified mode [ 'lib/zombie/xhr.js', 420, 438 ]
739 silly gunzTarPerm extractEntry tools/package.json
740 silly gunzTarPerm modified mode [ 'tools/package.json', 436, 438 ]
741 silly gunzTarPerm extractEntry tools/README.md
742 silly gunzTarPerm modified mode [ 'tools/README.md', 436, 438 ]
743 silly gunzTarPerm extractEntry tools/1to2.js
744 silly gunzTarPerm modified mode [ 'tools/1to2.js', 509, 511 ]
745 silly gunzTarPerm extractEntry lib/zombie/history.js
746 silly gunzTarPerm modified mode [ 'lib/zombie/history.js', 420, 438 ]
747 silly gentlyRm E:\study\nodeAndExpress\ch05\node_modules\.staging\iconv-lite-2ec97b44\node_modules is being purged
748 verbose gentlyRm don't care about contents; nuking E:\study\nodeAndExpress\ch05\node_modules\.staging\iconv-lite-2ec97b44\node_modules
749 silly gentlyRm E:\study\nodeAndExpress\ch05\node_modules\.staging\jsdom-6c66162a\node_modules is being purged
750 verbose gentlyRm don't care about contents; nuking E:\study\nodeAndExpress\ch05\node_modules\.staging\jsdom-6c66162a\node_modules
751 silly gentlyRm E:\study\nodeAndExpress\ch05\node_modules\.staging\nan-028d194f\node_modules is being purged
752 verbose gentlyRm don't care about contents; nuking E:\study\nodeAndExpress\ch05\node_modules\.staging\nan-028d194f\node_modules
753 silly gentlyRm E:\study\nodeAndExpress\ch05\node_modules\.staging\zombie-b5cc4007\node_modules is being purged
754 verbose gentlyRm don't care about contents; nuking E:\study\nodeAndExpress\ch05\node_modules\.staging\zombie-b5cc4007\node_modules
755 silly doParallel preinstall 7
756 silly preinstall bindings@1.3.0 E:\study\nodeAndExpress\ch05\node_modules\.staging\bindings-13955e09
757 info lifecycle bindings@1.3.0~preinstall: bindings@1.3.0
758 silly preinstall nan@2.7.0 E:\study\nodeAndExpress\ch05\node_modules\.staging\nan-028d194f
759 info lifecycle nan@2.7.0~preinstall: nan@2.7.0
760 silly preinstall contextify@0.1.15 E:\study\nodeAndExpress\ch05\node_modules\.staging\contextify-c2943f25
761 info lifecycle contextify@0.1.15~preinstall: contextify@0.1.15
762 silly preinstall jsdom@1.0.3 E:\study\nodeAndExpress\ch05\node_modules\.staging\jsdom-6c66162a
763 info lifecycle jsdom@1.0.3~preinstall: jsdom@1.0.3
764 silly preinstall iconv-lite@0.4.18 E:\study\nodeAndExpress\ch05\node_modules\.staging\iconv-lite-2ec97b44
765 info lifecycle iconv-lite@0.4.18~preinstall: iconv-lite@0.4.18
766 silly preinstall ms@0.6.2 E:\study\nodeAndExpress\ch05\node_modules\.staging\ms-2bf2c678
767 info lifecycle ms@0.6.2~preinstall: ms@0.6.2
768 silly preinstall zombie@2.0.8 E:\study\nodeAndExpress\ch05\node_modules\.staging\zombie-b5cc4007
769 info lifecycle zombie@2.0.8~preinstall: zombie@2.0.8
770 silly lifecycle bindings@1.3.0~preinstall: no script for preinstall, continuing
771 silly lifecycle nan@2.7.0~preinstall: no script for preinstall, continuing
772 silly lifecycle contextify@0.1.15~preinstall: no script for preinstall, continuing
773 silly lifecycle jsdom@1.0.3~preinstall: no script for preinstall, continuing
774 silly lifecycle iconv-lite@0.4.18~preinstall: no script for preinstall, continuing
775 silly lifecycle ms@0.6.2~preinstall: no script for preinstall, continuing
776 silly lifecycle zombie@2.0.8~preinstall: no script for preinstall, continuing
777 silly doReverseSerial remove 0
778 silly doSerial move 0
779 silly doSerial finalize 7
780 silly finalize E:\study\nodeAndExpress\ch05\node_modules\bindings
781 silly finalize E:\study\nodeAndExpress\ch05\node_modules\nan
782 silly finalize E:\study\nodeAndExpress\ch05\node_modules\contextify
783 silly finalize E:\study\nodeAndExpress\ch05\node_modules\jsdom
784 silly finalize E:\study\nodeAndExpress\ch05\node_modules\zombie\node_modules\iconv-lite
785 silly finalize E:\study\nodeAndExpress\ch05\node_modules\zombie\node_modules\ms
786 silly finalize E:\study\nodeAndExpress\ch05\node_modules\zombie
787 silly doSerial build 7
788 silly build bindings@1.3.0
789 info linkStuff bindings@1.3.0
790 silly linkStuff bindings@1.3.0 has E:\study\nodeAndExpress\ch05\node_modules as its parent node_modules
791 verbose linkBins bindings@1.3.0
792 verbose linkMans bindings@1.3.0
793 silly build nan@2.7.0
794 info linkStuff nan@2.7.0
795 silly linkStuff nan@2.7.0 has E:\study\nodeAndExpress\ch05\node_modules as its parent node_modules
796 verbose linkBins nan@2.7.0
797 verbose linkMans nan@2.7.0
798 silly build contextify@0.1.15
799 info linkStuff contextify@0.1.15
800 silly linkStuff contextify@0.1.15 has E:\study\nodeAndExpress\ch05\node_modules as its parent node_modules
801 verbose linkBins contextify@0.1.15
802 verbose linkMans contextify@0.1.15
803 silly build jsdom@1.0.3
804 info linkStuff jsdom@1.0.3
805 silly linkStuff jsdom@1.0.3 has E:\study\nodeAndExpress\ch05\node_modules as its parent node_modules
806 verbose linkBins jsdom@1.0.3
807 verbose linkMans jsdom@1.0.3
808 silly build iconv-lite@0.4.18
809 info linkStuff iconv-lite@0.4.18
810 silly linkStuff iconv-lite@0.4.18 has E:\study\nodeAndExpress\ch05\node_modules\zombie\node_modules as its parent node_modules
811 verbose linkBins iconv-lite@0.4.18
812 verbose linkMans iconv-lite@0.4.18
813 silly build ms@0.6.2
814 info linkStuff ms@0.6.2
815 silly linkStuff ms@0.6.2 has E:\study\nodeAndExpress\ch05\node_modules\zombie\node_modules as its parent node_modules
816 verbose linkBins ms@0.6.2
817 verbose linkMans ms@0.6.2
818 silly build zombie@2.0.8
819 info linkStuff zombie@2.0.8
820 silly linkStuff zombie@2.0.8 has E:\study\nodeAndExpress\ch05\node_modules as its parent node_modules
821 verbose linkBins zombie@2.0.8
822 verbose linkMans zombie@2.0.8
823 silly doSerial global-link 0
824 silly doParallel update-linked 0
825 silly doSerial install 7
826 silly install bindings@1.3.0 E:\study\nodeAndExpress\ch05\node_modules\.staging\bindings-13955e09
827 info lifecycle bindings@1.3.0~install: bindings@1.3.0
828 silly lifecycle bindings@1.3.0~install: no script for install, continuing
829 silly install nan@2.7.0 E:\study\nodeAndExpress\ch05\node_modules\.staging\nan-028d194f
830 info lifecycle nan@2.7.0~install: nan@2.7.0
831 silly lifecycle nan@2.7.0~install: no script for install, continuing
832 silly install contextify@0.1.15 E:\study\nodeAndExpress\ch05\node_modules\.staging\contextify-c2943f25
833 info lifecycle contextify@0.1.15~install: contextify@0.1.15
834 verbose lifecycle contextify@0.1.15~install: unsafe-perm in lifecycle true
835 verbose lifecycle contextify@0.1.15~install: PATH: D:\Program Files\nodejs\node_modules\npm\bin\node-gyp-bin;E:\study\nodeAndExpress\ch05\node_modules\contextify\node_modules\.bin;E:\study\nodeAndExpress\ch05\node_modules\.bin;C:\Users\wh_ke\bin;D:\Program Files\Git\mingw64\bin;D:\Program Files\Git\usr\local\bin;D:\Program Files\Git\usr\bin;D:\Program Files\Git\usr\bin;D:\Program Files\Git\mingw64\bin;D:\Program Files\Git\usr\bin;C:\Users\wh_ke\bin;C:\Windows\system32;C:\Windows;C:\Windows\System32\Wbem;C:\Windows\System32\WindowsPowerShell\v1.0;D:\Program Files\Git\cmd;D:\Program Files\nodejs;C:\Users\wh_ke\AppData\Roaming\npm;D:\Program Files\Git\usr\bin\vendor_perl;D:\Program Files\Git\usr\bin\core_perl
836 verbose lifecycle contextify@0.1.15~install: CWD: E:\study\nodeAndExpress\ch05\node_modules\contextify
837 silly lifecycle contextify@0.1.15~install: Args: [ '/d /s /c', 'node-gyp rebuild' ]
838 silly lifecycle contextify@0.1.15~install: Returned: code: 1  signal: null
839 info lifecycle contextify@0.1.15~install: Failed to exec install script
840 verbose unlock done using C:\Users\wh_ke\AppData\Roaming\npm-cache\_locks\staging-837d0c5a32dc4d5a.lock for E:\study\nodeAndExpress\ch05\node_modules\.staging
841 silly rollbackFailedOptional Starting
842 silly rollbackFailedOptional Finishing
843 silly runTopLevelLifecycles Finishing
844 silly install printInstalled
845 warn meadowlarktravel@0.0.0 license should be a valid SPDX license expression
846 verbose If you need help, you may report this error at:
846 verbose     <https://github.com/npm/npm/issues>
847 verbose stack Error: contextify@0.1.15 install: `node-gyp rebuild`
847 verbose stack Exit status 1
847 verbose stack     at EventEmitter.<anonymous> (D:\Program Files\nodejs\node_modules\npm\lib\utils\lifecycle.js:255:16)
847 verbose stack     at emitTwo (events.js:106:13)
847 verbose stack     at EventEmitter.emit (events.js:191:7)
847 verbose stack     at ChildProcess.<anonymous> (D:\Program Files\nodejs\node_modules\npm\lib\utils\spawn.js:40:14)
847 verbose stack     at emitTwo (events.js:106:13)
847 verbose stack     at ChildProcess.emit (events.js:191:7)
847 verbose stack     at maybeClose (internal/child_process.js:920:16)
847 verbose stack     at Process.ChildProcess._handle.onexit (internal/child_process.js:230:5)
848 verbose pkgid contextify@0.1.15
849 verbose cwd E:\study\nodeAndExpress\ch05
850 error Windows_NT 10.0.10240
851 error argv "D:\\Program Files\\nodejs\\node.exe" "D:\\Program Files\\nodejs\\node_modules\\npm\\bin\\npm-cli.js" "install"
852 error node v6.11.3
853 error npm  v3.10.10
854 error code ELIFECYCLE
855 error contextify@0.1.15 install: `node-gyp rebuild`
855 error Exit status 1
856 error Failed at the contextify@0.1.15 install script 'node-gyp rebuild'.
856 error Make sure you have the latest version of node.js and npm installed.
856 error If you do, this is most likely a problem with the contextify package,
856 error not with npm itself.
856 error Tell the author that this fails on your system:
856 error     node-gyp rebuild
856 error You can get information on how to open an issue for this project with:
856 error     npm bugs contextify
856 error Or if that isn't available, you can get their info via:
856 error     npm owner ls contextify
856 error There is likely additional logging output above.
857 verbose exit [ 1, true ]
